<?xml version="1.0" encoding="UTF-8"?>
<coverage generated="1529036536878" clover="3.2.0">
  <project timestamp="1529036536879" name="All files">
    <metrics statements="157" coveredstatements="153" conditionals="94" coveredconditionals="93" methods="21" coveredmethods="18" elements="272" coveredelements="264" complexity="0" loc="157" ncloc="157" packages="3" files="4" classes="4">
      <package name="classes">
        <metrics statements="109" coveredstatements="105" conditionals="71" coveredconditionals="70" methods="14" coveredmethods="11"/>
        <file name="SingleTask.ts" path="/home/gofrendi/Projects/neo-chimera/src/classes/SingleTask.ts">
          <metrics statements="109" coveredstatements="105" conditionals="71" coveredconditionals="70" methods="14" coveredmethods="11"/>
          <line num="1" count="1" type="stmt"/>
          <line num="2" count="1" type="stmt"/>
          <line num="4" count="1" type="stmt"/>
          <line num="5" count="1" type="stmt"/>
          <line num="8" count="28" type="stmt"/>
          <line num="9" count="28" type="cond" truecount="2" falsecount="0"/>
          <line num="10" count="18" type="stmt"/>
          <line num="12" count="28" type="stmt"/>
          <line num="16" count="13" type="stmt"/>
          <line num="20" count="15" type="stmt"/>
          <line num="24" count="15" type="stmt"/>
          <line num="25" count="15" type="stmt"/>
          <line num="26" count="15" type="cond" truecount="2" falsecount="0"/>
          <line num="27" count="2" type="stmt"/>
          <line num="28" count="2" type="stmt"/>
          <line num="30" count="13" type="stmt"/>
          <line num="31" count="13" type="cond" truecount="2" falsecount="0"/>
          <line num="32" count="8" type="stmt"/>
          <line num="33" count="8" type="stmt"/>
          <line num="34" count="8" type="stmt"/>
          <line num="35" count="5" type="cond" truecount="2" falsecount="0"/>
          <line num="36" count="4" type="cond" truecount="2" falsecount="0"/>
          <line num="37" count="2" type="stmt"/>
          <line num="38" count="2" type="stmt"/>
          <line num="40" count="2" type="stmt"/>
          <line num="41" count="2" type="stmt"/>
          <line num="44" count="1" type="stmt"/>
          <line num="47" count="15" type="stmt"/>
          <line num="51" count="32" type="cond" truecount="2" falsecount="0"/>
          <line num="52" count="7" type="stmt"/>
          <line num="53" count="7" type="cond" truecount="4" falsecount="0"/>
          <line num="54" count="1" type="stmt"/>
          <line num="56" count="6" type="stmt"/>
          <line num="57" count="25" type="cond" truecount="4" falsecount="0"/>
          <line num="58" count="12" type="stmt"/>
          <line num="60" count="13" type="stmt"/>
          <line num="64" count="32" type="cond" truecount="4" falsecount="0"/>
          <line num="65" count="24" type="cond" truecount="2" falsecount="0"/>
          <line num="66" count="24" type="cond" truecount="2" falsecount="0"/>
          <line num="67" count="1" type="stmt"/>
          <line num="68" count="1" type="stmt"/>
          <line num="69" count="23" type="cond" truecount="2" falsecount="0"/>
          <line num="70" count="1" type="stmt"/>
          <line num="71" count="1" type="stmt"/>
          <line num="72" count="22" type="cond" truecount="2" falsecount="0"/>
          <line num="73" count="1" type="stmt"/>
          <line num="74" count="1" type="stmt"/>
          <line num="76" count="21" type="stmt"/>
          <line num="77" count="21" type="cond" truecount="4" falsecount="0"/>
          <line num="78" count="19" type="stmt"/>
          <line num="80" count="2" type="stmt"/>
          <line num="83" count="24" type="stmt"/>
          <line num="85" count="32" type="stmt"/>
          <line num="89" count="32" type="cond" truecount="4" falsecount="0"/>
          <line num="90" count="1" type="stmt"/>
          <line num="91" count="1" type="stmt"/>
          <line num="92" count="31" type="cond" truecount="2" falsecount="0"/>
          <line num="93" count="1" type="stmt"/>
          <line num="94" count="1" type="stmt"/>
          <line num="95" count="30" type="cond" truecount="2" falsecount="0"/>
          <line num="96" count="2" type="stmt"/>
          <line num="97" count="2" type="stmt"/>
          <line num="98" count="28" type="cond" truecount="2" falsecount="0"/>
          <line num="99" count="4" type="stmt"/>
          <line num="100" count="4" type="stmt"/>
          <line num="101" count="4" type="stmt"/>
          <line num="103" count="32" type="stmt"/>
          <line num="107" count="32" type="cond" truecount="5" falsecount="0"/>
          <line num="108" count="4" type="stmt"/>
          <line num="109" count="4" type="cond" truecount="2" falsecount="0"/>
          <line num="110" count="1" type="stmt"/>
          <line num="111" count="1" type="stmt"/>
          <line num="112" count="3" type="cond" truecount="2" falsecount="0"/>
          <line num="113" count="1" type="stmt"/>
          <line num="114" count="1" type="stmt"/>
          <line num="115" count="2" type="cond" truecount="1" falsecount="1"/>
          <line num="116" count="2" type="stmt"/>
          <line num="117" count="2" type="stmt"/>
          <line num="120" count="32" type="stmt"/>
          <line num="124" count="32" type="stmt"/>
          <line num="125" count="32" type="stmt"/>
          <line num="126" count="32" type="stmt"/>
          <line num="127" count="32" type="stmt"/>
          <line num="131" count="32" type="stmt"/>
          <line num="146" count="32" type="stmt"/>
          <line num="147" count="32" type="stmt"/>
          <line num="150" count="1" type="stmt"/>
          <line num="167" count="32" type="stmt"/>
          <line num="169" count="32" type="stmt"/>
          <line num="170" count="32" type="stmt"/>
          <line num="171" count="32" type="stmt"/>
          <line num="172" count="32" type="stmt"/>
          <line num="173" count="32" type="stmt"/>
          <line num="174" count="32" type="stmt"/>
          <line num="175" count="32" type="stmt"/>
          <line num="176" count="32" type="stmt"/>
          <line num="177" count="32" type="stmt"/>
          <line num="178" count="32" type="stmt"/>
          <line num="179" count="32" type="stmt"/>
          <line num="180" count="32" type="stmt"/>
          <line num="181" count="32" type="stmt"/>
          <line num="182" count="32" type="stmt"/>
          <line num="183" count="32" type="stmt"/>
          <line num="184" count="32" type="stmt"/>
          <line num="185" count="8" type="stmt"/>
          <line num="191" count="0" type="stmt"/>
          <line num="195" count="0" type="stmt"/>
          <line num="196" count="0" type="stmt"/>
          <line num="198" count="0" type="stmt"/>
        </file>
      </package>
      <package name="enums">
        <metrics statements="14" coveredstatements="14" conditionals="6" coveredconditionals="6" methods="3" coveredmethods="3"/>
        <file name="singleTaskProperty.ts" path="/home/gofrendi/Projects/neo-chimera/src/enums/singleTaskProperty.ts">
          <metrics statements="14" coveredstatements="14" conditionals="6" coveredconditionals="6" methods="3" coveredmethods="3"/>
          <line num="1" count="1" type="cond" truecount="2" falsecount="0"/>
          <line num="2" count="1" type="stmt"/>
          <line num="3" count="1" type="stmt"/>
          <line num="4" count="1" type="stmt"/>
          <line num="7" count="1" type="cond" truecount="2" falsecount="0"/>
          <line num="8" count="1" type="stmt"/>
          <line num="9" count="1" type="stmt"/>
          <line num="10" count="1" type="stmt"/>
          <line num="11" count="1" type="stmt"/>
          <line num="14" count="1" type="cond" truecount="2" falsecount="0"/>
          <line num="15" count="1" type="stmt"/>
          <line num="16" count="1" type="stmt"/>
          <line num="17" count="1" type="stmt"/>
          <line num="18" count="1" type="stmt"/>
        </file>
      </package>
      <package name="libraries">
        <metrics statements="34" coveredstatements="34" conditionals="17" coveredconditionals="17" methods="4" coveredmethods="4"/>
        <file name="scriptTransform.ts" path="/home/gofrendi/Projects/neo-chimera/src/libraries/scriptTransform.ts">
          <metrics statements="6" coveredstatements="6" conditionals="0" coveredconditionals="0" methods="1" coveredmethods="1"/>
          <line num="1" count="1" type="stmt"/>
          <line num="3" count="1" type="stmt"/>
          <line num="4" count="1" type="stmt"/>
          <line num="8" count="1" type="stmt"/>
          <line num="9" count="1" type="stmt"/>
          <line num="10" count="1" type="stmt"/>
        </file>
        <file name="stringUtil.ts" path="/home/gofrendi/Projects/neo-chimera/src/libraries/stringUtil.ts">
          <metrics statements="28" coveredstatements="28" conditionals="17" coveredconditionals="17" methods="3" coveredmethods="3"/>
          <line num="1" count="2" type="stmt"/>
          <line num="2" count="67" type="cond" truecount="2" falsecount="0"/>
          <line num="3" count="37" type="stmt"/>
          <line num="5" count="30" type="stmt"/>
          <line num="6" count="30" type="stmt"/>
          <line num="7" count="30" type="stmt"/>
          <line num="8" count="30" type="stmt"/>
          <line num="9" count="30" type="stmt"/>
          <line num="10" count="391" type="stmt"/>
          <line num="11" count="391" type="cond" truecount="5" falsecount="0"/>
          <line num="12" count="39" type="stmt"/>
          <line num="13" count="39" type="stmt"/>
          <line num="14" count="39" type="stmt"/>
          <line num="16" count="352" type="cond" truecount="2" falsecount="0"/>
          <line num="17" count="2" type="stmt"/>
          <line num="18" count="350" type="cond" truecount="2" falsecount="0"/>
          <line num="19" count="4" type="stmt"/>
          <line num="21" count="352" type="stmt"/>
          <line num="24" count="30" type="stmt"/>
          <line num="25" count="30" type="stmt"/>
          <line num="28" count="2" type="stmt"/>
          <line num="29" count="96" type="cond" truecount="4" falsecount="0"/>
          <line num="31" count="20" type="stmt"/>
          <line num="33" count="76" type="stmt"/>
          <line num="36" count="2" type="stmt"/>
          <line num="37" count="19" type="cond" truecount="2" falsecount="0"/>
          <line num="38" count="14" type="stmt"/>
          <line num="40" count="5" type="stmt"/>
        </file>
      </package>
    </metrics>
  </project>
</coverage>
