<?xml version="1.0" encoding="UTF-8"?>
<coverage generated="1528945844571" clover="3.2.0">
  <project timestamp="1528945844572" name="All files">
    <metrics statements="130" coveredstatements="119" conditionals="75" coveredconditionals="72" methods="16" coveredmethods="13" elements="221" coveredelements="204" complexity="0" loc="130" ncloc="130" packages="2" files="3" classes="3">
      <package name="classes">
        <metrics statements="96" coveredstatements="85" conditionals="58" coveredconditionals="55" methods="12" coveredmethods="9"/>
        <file name="SingleTask.ts" path="/home/gofrendi/Projects/neo-chimera/src/classes/SingleTask.ts">
          <metrics statements="96" coveredstatements="85" conditionals="58" coveredconditionals="55" methods="12" coveredmethods="9"/>
          <line num="1" count="1" type="stmt"/>
          <line num="3" count="1" type="cond" truecount="2" falsecount="0"/>
          <line num="4" count="1" type="stmt"/>
          <line num="5" count="1" type="stmt"/>
          <line num="6" count="1" type="stmt"/>
          <line num="9" count="1" type="cond" truecount="2" falsecount="0"/>
          <line num="10" count="1" type="stmt"/>
          <line num="11" count="1" type="stmt"/>
          <line num="12" count="1" type="stmt"/>
          <line num="13" count="1" type="stmt"/>
          <line num="16" count="1" type="stmt"/>
          <line num="17" count="1" type="stmt"/>
          <line num="20" count="7" type="stmt"/>
          <line num="21" count="7" type="cond" truecount="2" falsecount="0"/>
          <line num="22" count="4" type="stmt"/>
          <line num="24" count="7" type="stmt"/>
          <line num="28" count="9" type="stmt"/>
          <line num="29" count="9" type="cond" truecount="2" falsecount="0"/>
          <line num="30" count="8" type="stmt"/>
          <line num="32" count="9" type="stmt"/>
          <line num="36" count="9" type="stmt"/>
          <line num="37" count="9" type="stmt"/>
          <line num="38" count="9" type="cond" truecount="2" falsecount="0"/>
          <line num="39" count="2" type="stmt"/>
          <line num="40" count="2" type="stmt"/>
          <line num="42" count="7" type="stmt"/>
          <line num="43" count="7" type="cond" truecount="2" falsecount="0"/>
          <line num="44" count="2" type="stmt"/>
          <line num="45" count="2" type="stmt"/>
          <line num="46" count="2" type="stmt"/>
          <line num="47" count="5" type="cond" truecount="2" falsecount="0"/>
          <line num="48" count="4" type="cond" truecount="2" falsecount="0"/>
          <line num="49" count="2" type="stmt"/>
          <line num="50" count="2" type="stmt"/>
          <line num="52" count="2" type="stmt"/>
          <line num="53" count="2" type="stmt"/>
          <line num="56" count="1" type="stmt"/>
          <line num="59" count="9" type="stmt"/>
          <line num="63" count="18" type="cond" truecount="2" falsecount="0"/>
          <line num="64" count="5" type="stmt"/>
          <line num="65" count="5" type="cond" truecount="4" falsecount="0"/>
          <line num="66" count="1" type="stmt"/>
          <line num="68" count="4" type="stmt"/>
          <line num="69" count="13" type="cond" truecount="4" falsecount="0"/>
          <line num="70" count="6" type="stmt"/>
          <line num="72" count="7" type="stmt"/>
          <line num="76" count="18" type="cond" truecount="4" falsecount="0"/>
          <line num="77" count="14" type="cond" truecount="2" falsecount="0"/>
          <line num="78" count="14" type="cond" truecount="2" falsecount="0"/>
          <line num="79" count="1" type="stmt"/>
          <line num="80" count="1" type="stmt"/>
          <line num="81" count="13" type="cond" truecount="2" falsecount="0"/>
          <line num="82" count="1" type="stmt"/>
          <line num="83" count="1" type="stmt"/>
          <line num="84" count="12" type="cond" truecount="2" falsecount="0"/>
          <line num="85" count="1" type="stmt"/>
          <line num="86" count="1" type="stmt"/>
          <line num="88" count="11" type="stmt"/>
          <line num="89" count="11" type="cond" truecount="4" falsecount="0"/>
          <line num="90" count="9" type="stmt"/>
          <line num="92" count="2" type="stmt"/>
          <line num="95" count="14" type="stmt"/>
          <line num="96" count="4" type="cond" truecount="1" falsecount="1"/>
          <line num="97" count="0" type="stmt"/>
          <line num="98" count="0" type="stmt"/>
          <line num="99" count="4" type="cond" truecount="1" falsecount="1"/>
          <line num="100" count="0" type="stmt"/>
          <line num="101" count="0" type="stmt"/>
          <line num="102" count="4" type="cond" truecount="1" falsecount="1"/>
          <line num="103" count="0" type="stmt"/>
          <line num="104" count="0" type="stmt"/>
          <line num="106" count="4" type="stmt"/>
          <line num="107" count="4" type="stmt"/>
          <line num="108" count="4" type="stmt"/>
          <line num="110" count="18" type="stmt"/>
          <line num="114" count="18" type="stmt"/>
          <line num="125" count="18" type="stmt"/>
          <line num="126" count="18" type="stmt"/>
          <line num="129" count="1" type="stmt"/>
          <line num="141" count="18" type="stmt"/>
          <line num="143" count="18" type="stmt"/>
          <line num="144" count="18" type="stmt"/>
          <line num="145" count="18" type="stmt"/>
          <line num="146" count="18" type="stmt"/>
          <line num="147" count="18" type="stmt"/>
          <line num="148" count="18" type="stmt"/>
          <line num="149" count="18" type="stmt"/>
          <line num="150" count="18" type="stmt"/>
          <line num="151" count="18" type="stmt"/>
          <line num="152" count="18" type="stmt"/>
          <line num="153" count="18" type="stmt"/>
          <line num="154" count="0" type="stmt"/>
          <line num="160" count="0" type="stmt"/>
          <line num="164" count="0" type="stmt"/>
          <line num="165" count="0" type="stmt"/>
          <line num="167" count="0" type="stmt"/>
        </file>
      </package>
      <package name="libraries">
        <metrics statements="34" coveredstatements="34" conditionals="17" coveredconditionals="17" methods="4" coveredmethods="4"/>
        <file name="scriptTransform.ts" path="/home/gofrendi/Projects/neo-chimera/src/libraries/scriptTransform.ts">
          <metrics statements="6" coveredstatements="6" conditionals="0" coveredconditionals="0" methods="1" coveredmethods="1"/>
          <line num="1" count="1" type="stmt"/>
          <line num="3" count="1" type="stmt"/>
          <line num="4" count="1" type="stmt"/>
          <line num="8" count="1" type="stmt"/>
          <line num="9" count="1" type="stmt"/>
          <line num="10" count="1" type="stmt"/>
        </file>
        <file name="stringUtil.ts" path="/home/gofrendi/Projects/neo-chimera/src/libraries/stringUtil.ts">
          <metrics statements="28" coveredstatements="28" conditionals="17" coveredconditionals="17" methods="3" coveredmethods="3"/>
          <line num="1" count="2" type="stmt"/>
          <line num="2" count="41" type="cond" truecount="2" falsecount="0"/>
          <line num="3" count="25" type="stmt"/>
          <line num="5" count="16" type="stmt"/>
          <line num="6" count="16" type="stmt"/>
          <line num="7" count="16" type="stmt"/>
          <line num="8" count="16" type="stmt"/>
          <line num="9" count="16" type="stmt"/>
          <line num="10" count="191" type="stmt"/>
          <line num="11" count="191" type="cond" truecount="5" falsecount="0"/>
          <line num="12" count="19" type="stmt"/>
          <line num="13" count="19" type="stmt"/>
          <line num="14" count="19" type="stmt"/>
          <line num="16" count="172" type="cond" truecount="2" falsecount="0"/>
          <line num="17" count="2" type="stmt"/>
          <line num="18" count="170" type="cond" truecount="2" falsecount="0"/>
          <line num="19" count="4" type="stmt"/>
          <line num="21" count="172" type="stmt"/>
          <line num="24" count="16" type="stmt"/>
          <line num="25" count="16" type="stmt"/>
          <line num="28" count="2" type="stmt"/>
          <line num="29" count="60" type="cond" truecount="4" falsecount="0"/>
          <line num="31" count="14" type="stmt"/>
          <line num="33" count="46" type="stmt"/>
          <line num="36" count="2" type="stmt"/>
          <line num="37" count="13" type="cond" truecount="2" falsecount="0"/>
          <line num="38" count="8" type="stmt"/>
          <line num="40" count="5" type="stmt"/>
        </file>
      </package>
    </metrics>
  </project>
</coverage>
