{"/home/gofrendi/Projects/neo-chimera/src/classes/SingleTask.ts": {"path":"/home/gofrendi/Projects/neo-chimera/src/classes/SingleTask.ts","statementMap":{"0":{"start":{"line":1,"column":0},"end":{"line":1,"column":77}},"1":{"start":{"line":3,"column":0},"end":{"line":3,"column":96}},"2":{"start":{"line":23,"column":51},"end":{"line":24,"column":64}},"3":{"start":{"line":25,"column":4},"end":{"line":25,"column":36}},"4":{"start":{"line":26,"column":4},"end":{"line":26,"column":36}},"5":{"start":{"line":27,"column":4},"end":{"line":27,"column":38}},"6":{"start":{"line":28,"column":4},"end":{"line":28,"column":38}},"7":{"start":{"line":29,"column":4},"end":{"line":29,"column":60}},"8":{"start":{"line":30,"column":4},"end":{"line":30,"column":56}},"9":{"start":{"line":31,"column":4},"end":{"line":31,"column":44}},"10":{"start":{"line":32,"column":4},"end":{"line":32,"column":52}},"11":{"start":{"line":33,"column":4},"end":{"line":33,"column":52}},"12":{"start":{"line":34,"column":4},"end":{"line":34,"column":36}},"13":{"start":{"line":35,"column":4},"end":{"line":35,"column":36}},"14":{"start":{"line":36,"column":4},"end":{"line":36,"column":52}},"15":{"start":{"line":37,"column":4},"end":{"line":37,"column":58}},"16":{"start":{"line":38,"column":4},"end":{"line":38,"column":34}},"17":{"start":{"line":39,"column":4},"end":{"line":39,"column":87}},"18":{"start":{"line":40,"column":4},"end":{"line":42,"column":5}},"19":{"start":{"line":41,"column":6},"end":{"line":41,"column":76}},"20":{"start":{"line":47,"column":4},"end":{"line":47,"column":14}},"21":{"start":{"line":51,"column":4},"end":{"line":55,"column":7}},"22":{"start":{"line":52,"column":21},"end":{"line":52,"column":37}},"23":{"start":{"line":54,"column":6},"end":{"line":54,"column":20}},"24":{"start":{"line":5,"column":0},"end":{"line":58,"column":1}}},"fnMap":{"0":{"name":"(anonymous_0)","decl":{"start":{"line":22,"column":2},"end":{"line":22,"column":13}},"loc":{"start":{"line":22,"column":64},"end":{"line":43,"column":3}}},"1":{"name":"(anonymous_1)","decl":{"start":{"line":45,"column":9},"end":{"line":45,"column":17}},"loc":{"start":{"line":45,"column":18},"end":{"line":48,"column":3}}},"2":{"name":"(anonymous_2)","decl":{"start":{"line":50,"column":9},"end":{"line":50,"column":15}},"loc":{"start":{"line":50,"column":26},"end":{"line":56,"column":3}}},"3":{"name":"(anonymous_3)","decl":{"start":{"line":51,"column":23},"end":{"line":51,"column":24}},"loc":{"start":{"line":51,"column":43},"end":{"line":55,"column":5}}}},"branchMap":{"0":{"loc":{"start":{"line":22,"column":46},"end":{"line":22,"column":48}},"type":"default-arg","locations":[{"start":{"line":22,"column":46},"end":{"line":22,"column":48}}]},"1":{"loc":{"start":{"line":22,"column":63},"end":{"line":22,"column":64}},"type":"default-arg","locations":[{"start":{"line":22,"column":63},"end":{"line":22,"column":64}}]},"2":{"loc":{"start":{"line":24,"column":6},"end":{"line":24,"column":35}},"type":"cond-expr","locations":[{"start":{"line":24,"column":6},"end":{"line":24,"column":35}},{"start":{"line":24,"column":38},"end":{"line":24,"column":64}}]},"3":{"loc":{"start":{"line":39,"column":24},"end":{"line":39,"column":39}},"type":"binary-expr","locations":[{"start":{"line":39,"column":24},"end":{"line":39,"column":39}},{"start":{"line":39,"column":43},"end":{"line":39,"column":86}}]}},"s":{"0":2,"1":2,"2":53,"3":53,"4":53,"5":53,"6":53,"7":53,"8":53,"9":53,"10":53,"11":53,"12":53,"13":53,"14":53,"15":53,"16":53,"17":53,"18":53,"19":12,"20":0,"21":0,"22":0,"23":0,"24":2},"f":{"0":53,"1":0,"2":0,"3":0},"b":{"0":[41],"1":[41],"2":[23,30],"3":[53,12]}}
,"/home/gofrendi/Projects/neo-chimera/src/enums/singleTaskProperty.ts": {"path":"/home/gofrendi/Projects/neo-chimera/src/enums/singleTaskProperty.ts","statementMap":{"0":{"start":{"line":1,"column":0},"end":{"line":5,"column":1}},"1":{"start":{"line":2,"column":2},"end":{"line":2,"column":10}},"2":{"start":{"line":3,"column":2},"end":{"line":3,"column":8}},"3":{"start":{"line":4,"column":2},"end":{"line":4,"column":8}},"4":{"start":{"line":7,"column":0},"end":{"line":12,"column":1}},"5":{"start":{"line":8,"column":2},"end":{"line":8,"column":6}},"6":{"start":{"line":9,"column":2},"end":{"line":9,"column":5}},"7":{"start":{"line":10,"column":2},"end":{"line":10,"column":8}},"8":{"start":{"line":11,"column":2},"end":{"line":11,"column":8}},"9":{"start":{"line":14,"column":0},"end":{"line":19,"column":1}},"10":{"start":{"line":15,"column":2},"end":{"line":15,"column":5}},"11":{"start":{"line":16,"column":2},"end":{"line":16,"column":17}},"12":{"start":{"line":17,"column":2},"end":{"line":17,"column":16}},"13":{"start":{"line":18,"column":2},"end":{"line":18,"column":11}}},"fnMap":{"0":{"name":"(anonymous_0)","decl":{"start":{"line":1,"column":0},"end":{"line":1,"column":11}},"loc":{"start":{"line":1,"column":16},"end":{"line":5,"column":1}}},"1":{"name":"(anonymous_1)","decl":{"start":{"line":7,"column":0},"end":{"line":7,"column":11}},"loc":{"start":{"line":7,"column":26},"end":{"line":12,"column":1}}},"2":{"name":"(anonymous_2)","decl":{"start":{"line":14,"column":0},"end":{"line":14,"column":11}},"loc":{"start":{"line":14,"column":23},"end":{"line":19,"column":1}}}},"branchMap":{"0":{"loc":{"start":{"line":1,"column":12},"end":{"line":1,"column":16}},"type":"binary-expr","locations":[{"start":{"line":1,"column":12},"end":{"line":1,"column":16}},{"start":{"line":1,"column":12},"end":{"line":1,"column":16}}]},"1":{"loc":{"start":{"line":7,"column":12},"end":{"line":7,"column":26}},"type":"binary-expr","locations":[{"start":{"line":7,"column":12},"end":{"line":7,"column":26}},{"start":{"line":7,"column":12},"end":{"line":7,"column":26}}]},"2":{"loc":{"start":{"line":14,"column":12},"end":{"line":14,"column":23}},"type":"binary-expr","locations":[{"start":{"line":14,"column":12},"end":{"line":14,"column":23}},{"start":{"line":14,"column":12},"end":{"line":14,"column":23}}]}},"s":{"0":3,"1":3,"2":3,"3":3,"4":3,"5":3,"6":3,"7":3,"8":3,"9":3,"10":3,"11":3,"12":3,"13":3},"f":{"0":3,"1":3,"2":3},"b":{"0":[3,3],"1":[3,3],"2":[3,3]}}
,"/home/gofrendi/Projects/neo-chimera/src/libraries/cmd.ts": {"path":"/home/gofrendi/Projects/neo-chimera/src/libraries/cmd.ts","statementMap":{"0":{"start":{"line":1,"column":0},"end":{"line":1,"column":34}},"1":{"start":{"line":2,"column":0},"end":{"line":2,"column":40}},"2":{"start":{"line":5,"column":2},"end":{"line":32,"column":5}},"3":{"start":{"line":6,"column":23},"end":{"line":12,"column":6}},"4":{"start":{"line":7,"column":6},"end":{"line":11,"column":7}},"5":{"start":{"line":8,"column":8},"end":{"line":8,"column":22}},"6":{"start":{"line":10,"column":8},"end":{"line":10,"column":24}},"7":{"start":{"line":14,"column":4},"end":{"line":16,"column":7}},"8":{"start":{"line":15,"column":6},"end":{"line":15,"column":34}},"9":{"start":{"line":18,"column":4},"end":{"line":20,"column":7}},"10":{"start":{"line":19,"column":6},"end":{"line":19,"column":34}},"11":{"start":{"line":23,"column":6},"end":{"line":23,"column":36}},"12":{"start":{"line":26,"column":4},"end":{"line":26,"column":44}},"13":{"start":{"line":27,"column":4},"end":{"line":30,"column":7}},"14":{"start":{"line":28,"column":6},"end":{"line":28,"column":26}},"15":{"start":{"line":29,"column":6},"end":{"line":29,"column":58}},"16":{"start":{"line":4,"column":0},"end":{"line":33,"column":1}},"17":{"start":{"line":36,"column":17},"end":{"line":36,"column":90}},"18":{"start":{"line":36,"column":38},"end":{"line":36,"column":76}},"19":{"start":{"line":37,"column":17},"end":{"line":37,"column":77}},"20":{"start":{"line":37,"column":38},"end":{"line":37,"column":66}},"21":{"start":{"line":38,"column":26},"end":{"line":38,"column":62}},"22":{"start":{"line":39,"column":2},"end":{"line":39,"column":25}},"23":{"start":{"line":35,"column":0},"end":{"line":40,"column":1}},"24":{"start":{"line":44,"column":2},"end":{"line":44,"column":52}},"25":{"start":{"line":42,"column":0},"end":{"line":45,"column":1}}},"fnMap":{"0":{"name":"cmd","decl":{"start":{"line":4,"column":0},"end":{"line":4,"column":19}},"loc":{"start":{"line":4,"column":67},"end":{"line":33,"column":1}}},"1":{"name":"(anonymous_1)","decl":{"start":{"line":5,"column":21},"end":{"line":5,"column":22}},"loc":{"start":{"line":5,"column":41},"end":{"line":32,"column":3}}},"2":{"name":"(anonymous_2)","decl":{"start":{"line":6,"column":46},"end":{"line":6,"column":47}},"loc":{"start":{"line":6,"column":72},"end":{"line":12,"column":5}}},"3":{"name":"(anonymous_3)","decl":{"start":{"line":14,"column":33},"end":{"line":14,"column":34}},"loc":{"start":{"line":14,"column":43},"end":{"line":16,"column":5}}},"4":{"name":"(anonymous_4)","decl":{"start":{"line":18,"column":33},"end":{"line":18,"column":34}},"loc":{"start":{"line":18,"column":43},"end":{"line":20,"column":5}}},"5":{"name":"stdinListener","decl":{"start":{"line":22,"column":4},"end":{"line":22,"column":26}},"loc":{"start":{"line":22,"column":32},"end":{"line":24,"column":5}}},"6":{"name":"(anonymous_6)","decl":{"start":{"line":27,"column":31},"end":{"line":27,"column":33}},"loc":{"start":{"line":27,"column":36},"end":{"line":30,"column":5}}},"7":{"name":"composeCommand","decl":{"start":{"line":35,"column":0},"end":{"line":35,"column":30}},"loc":{"start":{"line":35,"column":63},"end":{"line":40,"column":1}}},"8":{"name":"(anonymous_8)","decl":{"start":{"line":36,"column":25},"end":{"line":36,"column":26}},"loc":{"start":{"line":36,"column":38},"end":{"line":36,"column":76}}},"9":{"name":"(anonymous_9)","decl":{"start":{"line":37,"column":25},"end":{"line":37,"column":26}},"loc":{"start":{"line":37,"column":38},"end":{"line":37,"column":66}}},"10":{"name":"cmdComposedCommand","decl":{"start":{"line":42,"column":0},"end":{"line":42,"column":34}},"loc":{"start":{"line":43,"column":65},"end":{"line":45,"column":1}}}},"branchMap":{"0":{"loc":{"start":{"line":7,"column":6},"end":{"line":11,"column":7}},"type":"if","locations":[{"start":{"line":7,"column":6},"end":{"line":11,"column":7}},{"start":{"line":7,"column":6},"end":{"line":11,"column":7}}]},"1":{"loc":{"start":{"line":35,"column":61},"end":{"line":35,"column":63}},"type":"default-arg","locations":[{"start":{"line":35,"column":61},"end":{"line":35,"column":63}}]},"2":{"loc":{"start":{"line":42,"column":65},"end":{"line":42,"column":67}},"type":"default-arg","locations":[{"start":{"line":42,"column":65},"end":{"line":42,"column":67}}]}},"s":{"0":2,"1":2,"2":5,"3":5,"4":5,"5":1,"6":4,"7":5,"8":4,"9":5,"10":7,"11":0,"12":5,"13":5,"14":5,"15":5,"16":2,"17":3,"18":6,"19":3,"20":6,"21":3,"22":3,"23":2,"24":2,"25":2},"f":{"0":5,"1":5,"2":5,"3":4,"4":7,"5":0,"6":5,"7":3,"8":6,"9":6,"10":2},"b":{"0":[1,4],"1":[0],"2":[0]}}
,"/home/gofrendi/Projects/neo-chimera/src/libraries/scriptTransform.ts": {"path":"/home/gofrendi/Projects/neo-chimera/src/libraries/scriptTransform.ts","statementMap":{"0":{"start":{"line":1,"column":0},"end":{"line":1,"column":32}},"1":{"start":{"line":4,"column":26},"end":{"line":7,"column":3}},"2":{"start":{"line":8,"column":28},"end":{"line":8,"column":32}},"3":{"start":{"line":9,"column":17},"end":{"line":9,"column":81}},"4":{"start":{"line":10,"column":2},"end":{"line":10,"column":27}},"5":{"start":{"line":3,"column":0},"end":{"line":11,"column":1}}},"fnMap":{"0":{"name":"tsToJs","decl":{"start":{"line":3,"column":0},"end":{"line":3,"column":22}},"loc":{"start":{"line":3,"column":37},"end":{"line":11,"column":1}}}},"branchMap":{},"s":{"0":1,"1":1,"2":1,"3":1,"4":1,"5":1},"f":{"0":1},"b":{}}
,"/home/gofrendi/Projects/neo-chimera/src/libraries/singleTaskConfigProcessor.ts": {"path":"/home/gofrendi/Projects/neo-chimera/src/libraries/singleTaskConfigProcessor.ts","statementMap":{"0":{"start":{"line":1,"column":0},"end":{"line":1,"column":77}},"1":{"start":{"line":2,"column":0},"end":{"line":2,"column":63}},"2":{"start":{"line":4,"column":31},"end":{"line":4,"column":48}},"3":{"start":{"line":5,"column":26},"end":{"line":5,"column":55}},"4":{"start":{"line":8,"column":2},"end":{"line":8,"column":49}},"5":{"start":{"line":7,"column":0},"end":{"line":9,"column":1}},"6":{"start":{"line":12,"column":17},"end":{"line":12,"column":56}},"7":{"start":{"line":13,"column":47},"end":{"line":27,"column":3}},"8":{"start":{"line":28,"column":2},"end":{"line":28,"column":60}},"9":{"start":{"line":29,"column":2},"end":{"line":29,"column":26}},"10":{"start":{"line":11,"column":0},"end":{"line":30,"column":1}},"11":{"start":{"line":33,"column":37},"end":{"line":33,"column":39}},"12":{"start":{"line":34,"column":25},"end":{"line":34,"column":46}},"13":{"start":{"line":35,"column":2},"end":{"line":40,"column":3}},"14":{"start":{"line":36,"column":4},"end":{"line":36,"column":52}},"15":{"start":{"line":38,"column":28},"end":{"line":38,"column":50}},"16":{"start":{"line":39,"column":4},"end":{"line":39,"column":54}},"17":{"start":{"line":41,"column":2},"end":{"line":41,"column":16}},"18":{"start":{"line":32,"column":0},"end":{"line":42,"column":1}},"19":{"start":{"line":46,"column":2},"end":{"line":49,"column":4}},"20":{"start":{"line":53,"column":39},"end":{"line":53,"column":41}},"21":{"start":{"line":54,"column":2},"end":{"line":72,"column":3}},"22":{"start":{"line":56,"column":4},"end":{"line":56,"column":76}},"23":{"start":{"line":57,"column":4},"end":{"line":57,"column":35}},"24":{"start":{"line":58,"column":4},"end":{"line":58,"column":36}},"25":{"start":{"line":59,"column":9},"end":{"line":72,"column":3}},"26":{"start":{"line":60,"column":4},"end":{"line":68,"column":5}},"27":{"start":{"line":62,"column":6},"end":{"line":62,"column":78}},"28":{"start":{"line":63,"column":6},"end":{"line":63,"column":37}},"29":{"start":{"line":66,"column":6},"end":{"line":66,"column":37}},"30":{"start":{"line":67,"column":6},"end":{"line":67,"column":38}},"31":{"start":{"line":71,"column":4},"end":{"line":71,"column":35}},"32":{"start":{"line":73,"column":2},"end":{"line":73,"column":16}},"33":{"start":{"line":77,"column":2},"end":{"line":77,"column":34}},"34":{"start":{"line":81,"column":2},"end":{"line":81,"column":36}},"35":{"start":{"line":85,"column":14},"end":{"line":85,"column":39}},"36":{"start":{"line":86,"column":2},"end":{"line":88,"column":3}},"37":{"start":{"line":87,"column":4},"end":{"line":87,"column":55}},"38":{"start":{"line":89,"column":2},"end":{"line":89,"column":15}},"39":{"start":{"line":93,"column":2},"end":{"line":108,"column":3}},"40":{"start":{"line":94,"column":22},"end":{"line":94,"column":47}},"41":{"start":{"line":95,"column":4},"end":{"line":107,"column":5}},"42":{"start":{"line":96,"column":6},"end":{"line":98,"column":7}},"43":{"start":{"line":97,"column":8},"end":{"line":97,"column":35}},"44":{"start":{"line":99,"column":6},"end":{"line":101,"column":7}},"45":{"start":{"line":100,"column":8},"end":{"line":100,"column":35}},"46":{"start":{"line":102,"column":6},"end":{"line":106,"column":7}},"47":{"start":{"line":103,"column":8},"end":{"line":103,"column":33}},"48":{"start":{"line":105,"column":8},"end":{"line":105,"column":25}},"49":{"start":{"line":109,"column":2},"end":{"line":109,"column":16}},"50":{"start":{"line":113,"column":2},"end":{"line":113,"column":70}},"51":{"start":{"line":114,"column":2},"end":{"line":114,"column":66}},"52":{"start":{"line":115,"column":2},"end":{"line":115,"column":66}},"53":{"start":{"line":116,"column":2},"end":{"line":116,"column":26}},"54":{"start":{"line":120,"column":2},"end":{"line":128,"column":3}},"55":{"start":{"line":121,"column":19},"end":{"line":121,"column":39}},"56":{"start":{"line":122,"column":4},"end":{"line":124,"column":5}},"57":{"start":{"line":123,"column":6},"end":{"line":123,"column":16}},"58":{"start":{"line":125,"column":4},"end":{"line":125,"column":18}},"59":{"start":{"line":126,"column":9},"end":{"line":128,"column":3}},"60":{"start":{"line":127,"column":4},"end":{"line":127,"column":14}},"61":{"start":{"line":129,"column":2},"end":{"line":129,"column":13}},"62":{"start":{"line":134,"column":2},"end":{"line":154,"column":3}},"63":{"start":{"line":135,"column":4},"end":{"line":135,"column":66}},"64":{"start":{"line":136,"column":4},"end":{"line":152,"column":5}},"65":{"start":{"line":137,"column":6},"end":{"line":137,"column":81}},"66":{"start":{"line":138,"column":6},"end":{"line":138,"column":64}},"67":{"start":{"line":139,"column":11},"end":{"line":152,"column":5}},"68":{"start":{"line":140,"column":6},"end":{"line":140,"column":81}},"69":{"start":{"line":141,"column":6},"end":{"line":141,"column":59}},"70":{"start":{"line":142,"column":11},"end":{"line":152,"column":5}},"71":{"start":{"line":143,"column":6},"end":{"line":143,"column":81}},"72":{"start":{"line":144,"column":6},"end":{"line":144,"column":65}},"73":{"start":{"line":146,"column":30},"end":{"line":146,"column":54}},"74":{"start":{"line":147,"column":6},"end":{"line":151,"column":7}},"75":{"start":{"line":148,"column":8},"end":{"line":148,"column":66}},"76":{"start":{"line":150,"column":8},"end":{"line":150,"column":55}},"77":{"start":{"line":153,"column":4},"end":{"line":153,"column":40}},"78":{"start":{"line":155,"column":2},"end":{"line":155,"column":26}},"79":{"start":{"line":160,"column":2},"end":{"line":173,"column":3}},"80":{"start":{"line":161,"column":4},"end":{"line":161,"column":45}},"81":{"start":{"line":162,"column":4},"end":{"line":162,"column":40}},"82":{"start":{"line":163,"column":9},"end":{"line":173,"column":3}},"83":{"start":{"line":164,"column":4},"end":{"line":164,"column":49}},"84":{"start":{"line":165,"column":4},"end":{"line":165,"column":40}},"85":{"start":{"line":166,"column":9},"end":{"line":173,"column":3}},"86":{"start":{"line":167,"column":4},"end":{"line":167,"column":51}},"87":{"start":{"line":168,"column":4},"end":{"line":168,"column":42}},"88":{"start":{"line":169,"column":9},"end":{"line":173,"column":3}},"89":{"start":{"line":170,"column":4},"end":{"line":170,"column":42}},"90":{"start":{"line":171,"column":4},"end":{"line":171,"column":62}},"91":{"start":{"line":172,"column":4},"end":{"line":172,"column":40}},"92":{"start":{"line":174,"column":2},"end":{"line":174,"column":26}},"93":{"start":{"line":179,"column":2},"end":{"line":191,"column":3}},"94":{"start":{"line":180,"column":4},"end":{"line":180,"column":39}},"95":{"start":{"line":181,"column":4},"end":{"line":190,"column":5}},"96":{"start":{"line":182,"column":6},"end":{"line":182,"column":40}},"97":{"start":{"line":183,"column":6},"end":{"line":183,"column":59}},"98":{"start":{"line":184,"column":11},"end":{"line":190,"column":5}},"99":{"start":{"line":185,"column":6},"end":{"line":185,"column":43}},"100":{"start":{"line":186,"column":6},"end":{"line":186,"column":62}},"101":{"start":{"line":188,"column":6},"end":{"line":188,"column":43}},"102":{"start":{"line":189,"column":6},"end":{"line":189,"column":62}},"103":{"start":{"line":192,"column":2},"end":{"line":192,"column":26}}},"fnMap":{"0":{"name":"strToNormalizedConfig","decl":{"start":{"line":7,"column":0},"end":{"line":7,"column":37}},"loc":{"start":{"line":7,"column":49},"end":{"line":9,"column":1}}},"1":{"name":"normalizeRawConfig","decl":{"start":{"line":11,"column":0},"end":{"line":11,"column":34}},"loc":{"start":{"line":11,"column":66},"end":{"line":30,"column":1}}},"2":{"name":"strToRawConfig","decl":{"start":{"line":32,"column":0},"end":{"line":32,"column":30}},"loc":{"start":{"line":32,"column":42},"end":{"line":42,"column":1}}},"3":{"name":"longArrowPartsToConfig","decl":{"start":{"line":44,"column":0},"end":{"line":44,"column":31}},"loc":{"start":{"line":44,"column":56},"end":{"line":50,"column":1}}},"4":{"name":"shortArrowPartsToConfig","decl":{"start":{"line":52,"column":0},"end":{"line":52,"column":32}},"loc":{"start":{"line":52,"column":58},"end":{"line":74,"column":1}}},"5":{"name":"splitByShortArrow","decl":{"start":{"line":76,"column":0},"end":{"line":76,"column":26}},"loc":{"start":{"line":76,"column":38},"end":{"line":78,"column":1}}},"6":{"name":"splitByLongArrow","decl":{"start":{"line":80,"column":0},"end":{"line":80,"column":25}},"loc":{"start":{"line":80,"column":37},"end":{"line":82,"column":1}}},"7":{"name":"splitBy","decl":{"start":{"line":84,"column":0},"end":{"line":84,"column":16}},"loc":{"start":{"line":84,"column":71},"end":{"line":90,"column":1}}},"8":{"name":"preprocessRawConfigShorthand","decl":{"start":{"line":92,"column":0},"end":{"line":92,"column":37}},"loc":{"start":{"line":92,"column":66},"end":{"line":110,"column":1}}},"9":{"name":"parseCommand","decl":{"start":{"line":112,"column":0},"end":{"line":112,"column":21}},"loc":{"start":{"line":112,"column":90},"end":{"line":117,"column":1}}},"10":{"name":"getNormalIns","decl":{"start":{"line":119,"column":0},"end":{"line":119,"column":21}},"loc":{"start":{"line":119,"column":30},"end":{"line":130,"column":1}}},"11":{"name":"parseSingleCommand","decl":{"start":{"line":132,"column":0},"end":{"line":132,"column":27}},"loc":{"start":{"line":133,"column":56},"end":{"line":156,"column":1}}},"12":{"name":"parseNestedCommand","decl":{"start":{"line":158,"column":0},"end":{"line":158,"column":27}},"loc":{"start":{"line":159,"column":56},"end":{"line":175,"column":1}}},"13":{"name":"parseFunctionalCommand","decl":{"start":{"line":177,"column":0},"end":{"line":177,"column":31}},"loc":{"start":{"line":178,"column":60},"end":{"line":193,"column":1}}}},"branchMap":{"0":{"loc":{"start":{"line":14,"column":43},"end":{"line":14,"column":61}},"type":"cond-expr","locations":[{"start":{"line":14,"column":43},"end":{"line":14,"column":61}},{"start":{"line":14,"column":64},"end":{"line":14,"column":67}}]},"1":{"loc":{"start":{"line":15,"column":38},"end":{"line":15,"column":47}},"type":"cond-expr","locations":[{"start":{"line":15,"column":38},"end":{"line":15,"column":47}},{"start":{"line":15,"column":50},"end":{"line":15,"column":56}}]},"2":{"loc":{"start":{"line":22,"column":39},"end":{"line":22,"column":51}},"type":"cond-expr","locations":[{"start":{"line":22,"column":39},"end":{"line":22,"column":51}},{"start":{"line":22,"column":54},"end":{"line":22,"column":61}}]},"3":{"loc":{"start":{"line":24,"column":27},"end":{"line":24,"column":37}},"type":"cond-expr","locations":[{"start":{"line":24,"column":27},"end":{"line":24,"column":37}},{"start":{"line":24,"column":40},"end":{"line":24,"column":47}}]},"4":{"loc":{"start":{"line":26,"column":29},"end":{"line":26,"column":40}},"type":"cond-expr","locations":[{"start":{"line":26,"column":29},"end":{"line":26,"column":40}},{"start":{"line":26,"column":43},"end":{"line":26,"column":45}}]},"5":{"loc":{"start":{"line":35,"column":2},"end":{"line":40,"column":3}},"type":"if","locations":[{"start":{"line":35,"column":2},"end":{"line":40,"column":3}},{"start":{"line":35,"column":2},"end":{"line":40,"column":3}}]},"6":{"loc":{"start":{"line":54,"column":2},"end":{"line":72,"column":3}},"type":"if","locations":[{"start":{"line":54,"column":2},"end":{"line":72,"column":3}},{"start":{"line":54,"column":2},"end":{"line":72,"column":3}}]},"7":{"loc":{"start":{"line":59,"column":9},"end":{"line":72,"column":3}},"type":"if","locations":[{"start":{"line":59,"column":9},"end":{"line":72,"column":3}},{"start":{"line":59,"column":9},"end":{"line":72,"column":3}}]},"8":{"loc":{"start":{"line":60,"column":4},"end":{"line":68,"column":5}},"type":"if","locations":[{"start":{"line":60,"column":4},"end":{"line":68,"column":5}},{"start":{"line":60,"column":4},"end":{"line":68,"column":5}}]},"9":{"loc":{"start":{"line":86,"column":2},"end":{"line":88,"column":3}},"type":"if","locations":[{"start":{"line":86,"column":2},"end":{"line":88,"column":3}},{"start":{"line":86,"column":2},"end":{"line":88,"column":3}}]},"10":{"loc":{"start":{"line":93,"column":2},"end":{"line":108,"column":3}},"type":"if","locations":[{"start":{"line":93,"column":2},"end":{"line":108,"column":3}},{"start":{"line":93,"column":2},"end":{"line":108,"column":3}}]},"11":{"loc":{"start":{"line":93,"column":6},"end":{"line":93,"column":20}},"type":"binary-expr","locations":[{"start":{"line":93,"column":6},"end":{"line":93,"column":20}},{"start":{"line":93,"column":24},"end":{"line":93,"column":53}}]},"12":{"loc":{"start":{"line":95,"column":4},"end":{"line":107,"column":5}},"type":"if","locations":[{"start":{"line":95,"column":4},"end":{"line":107,"column":5}},{"start":{"line":95,"column":4},"end":{"line":107,"column":5}}]},"13":{"loc":{"start":{"line":96,"column":6},"end":{"line":98,"column":7}},"type":"if","locations":[{"start":{"line":96,"column":6},"end":{"line":98,"column":7}},{"start":{"line":96,"column":6},"end":{"line":98,"column":7}}]},"14":{"loc":{"start":{"line":99,"column":6},"end":{"line":101,"column":7}},"type":"if","locations":[{"start":{"line":99,"column":6},"end":{"line":101,"column":7}},{"start":{"line":99,"column":6},"end":{"line":101,"column":7}}]},"15":{"loc":{"start":{"line":102,"column":6},"end":{"line":106,"column":7}},"type":"if","locations":[{"start":{"line":102,"column":6},"end":{"line":106,"column":7}},{"start":{"line":102,"column":6},"end":{"line":106,"column":7}}]},"16":{"loc":{"start":{"line":120,"column":2},"end":{"line":128,"column":3}},"type":"if","locations":[{"start":{"line":120,"column":2},"end":{"line":128,"column":3}},{"start":{"line":120,"column":2},"end":{"line":128,"column":3}}]},"17":{"loc":{"start":{"line":122,"column":4},"end":{"line":124,"column":5}},"type":"if","locations":[{"start":{"line":122,"column":4},"end":{"line":124,"column":5}},{"start":{"line":122,"column":4},"end":{"line":124,"column":5}}]},"18":{"loc":{"start":{"line":122,"column":8},"end":{"line":122,"column":27}},"type":"binary-expr","locations":[{"start":{"line":122,"column":8},"end":{"line":122,"column":27}},{"start":{"line":122,"column":31},"end":{"line":122,"column":47}}]},"19":{"loc":{"start":{"line":126,"column":9},"end":{"line":128,"column":3}},"type":"if","locations":[{"start":{"line":126,"column":9},"end":{"line":128,"column":3}},{"start":{"line":126,"column":9},"end":{"line":128,"column":3}}]},"20":{"loc":{"start":{"line":126,"column":13},"end":{"line":126,"column":25}},"type":"binary-expr","locations":[{"start":{"line":126,"column":13},"end":{"line":126,"column":25}},{"start":{"line":126,"column":29},"end":{"line":126,"column":46}}]},"21":{"loc":{"start":{"line":134,"column":2},"end":{"line":154,"column":3}},"type":"if","locations":[{"start":{"line":134,"column":2},"end":{"line":154,"column":3}},{"start":{"line":134,"column":2},"end":{"line":154,"column":3}}]},"22":{"loc":{"start":{"line":134,"column":6},"end":{"line":134,"column":20}},"type":"binary-expr","locations":[{"start":{"line":134,"column":6},"end":{"line":134,"column":20}},{"start":{"line":134,"column":24},"end":{"line":134,"column":53}}]},"23":{"loc":{"start":{"line":135,"column":43},"end":{"line":135,"column":52}},"type":"cond-expr","locations":[{"start":{"line":135,"column":43},"end":{"line":135,"column":52}},{"start":{"line":135,"column":55},"end":{"line":135,"column":65}}]},"24":{"loc":{"start":{"line":136,"column":4},"end":{"line":152,"column":5}},"type":"if","locations":[{"start":{"line":136,"column":4},"end":{"line":152,"column":5}},{"start":{"line":136,"column":4},"end":{"line":152,"column":5}}]},"25":{"loc":{"start":{"line":139,"column":11},"end":{"line":152,"column":5}},"type":"if","locations":[{"start":{"line":139,"column":11},"end":{"line":152,"column":5}},{"start":{"line":139,"column":11},"end":{"line":152,"column":5}}]},"26":{"loc":{"start":{"line":142,"column":11},"end":{"line":152,"column":5}},"type":"if","locations":[{"start":{"line":142,"column":11},"end":{"line":152,"column":5}},{"start":{"line":142,"column":11},"end":{"line":152,"column":5}}]},"27":{"loc":{"start":{"line":147,"column":6},"end":{"line":151,"column":7}},"type":"if","locations":[{"start":{"line":147,"column":6},"end":{"line":151,"column":7}},{"start":{"line":147,"column":6},"end":{"line":151,"column":7}}]},"28":{"loc":{"start":{"line":147,"column":10},"end":{"line":147,"column":47}},"type":"binary-expr","locations":[{"start":{"line":147,"column":10},"end":{"line":147,"column":47}},{"start":{"line":147,"column":51},"end":{"line":147,"column":83}}]},"29":{"loc":{"start":{"line":160,"column":2},"end":{"line":173,"column":3}},"type":"if","locations":[{"start":{"line":160,"column":2},"end":{"line":173,"column":3}},{"start":{"line":160,"column":2},"end":{"line":173,"column":3}}]},"30":{"loc":{"start":{"line":160,"column":6},"end":{"line":160,"column":20}},"type":"binary-expr","locations":[{"start":{"line":160,"column":6},"end":{"line":160,"column":20}},{"start":{"line":160,"column":24},"end":{"line":160,"column":53}}]},"31":{"loc":{"start":{"line":163,"column":9},"end":{"line":173,"column":3}},"type":"if","locations":[{"start":{"line":163,"column":9},"end":{"line":173,"column":3}},{"start":{"line":163,"column":9},"end":{"line":173,"column":3}}]},"32":{"loc":{"start":{"line":166,"column":9},"end":{"line":173,"column":3}},"type":"if","locations":[{"start":{"line":166,"column":9},"end":{"line":173,"column":3}},{"start":{"line":166,"column":9},"end":{"line":173,"column":3}}]},"33":{"loc":{"start":{"line":169,"column":9},"end":{"line":173,"column":3}},"type":"if","locations":[{"start":{"line":169,"column":9},"end":{"line":173,"column":3}},{"start":{"line":169,"column":9},"end":{"line":173,"column":3}}]},"34":{"loc":{"start":{"line":179,"column":2},"end":{"line":191,"column":3}},"type":"if","locations":[{"start":{"line":179,"column":2},"end":{"line":191,"column":3}},{"start":{"line":179,"column":2},"end":{"line":191,"column":3}}]},"35":{"loc":{"start":{"line":179,"column":6},"end":{"line":179,"column":21}},"type":"binary-expr","locations":[{"start":{"line":179,"column":6},"end":{"line":179,"column":21}},{"start":{"line":179,"column":25},"end":{"line":179,"column":43}},{"start":{"line":179,"column":47},"end":{"line":179,"column":65}}]},"36":{"loc":{"start":{"line":181,"column":4},"end":{"line":190,"column":5}},"type":"if","locations":[{"start":{"line":181,"column":4},"end":{"line":190,"column":5}},{"start":{"line":181,"column":4},"end":{"line":190,"column":5}}]},"37":{"loc":{"start":{"line":184,"column":11},"end":{"line":190,"column":5}},"type":"if","locations":[{"start":{"line":184,"column":11},"end":{"line":190,"column":5}},{"start":{"line":184,"column":11},"end":{"line":190,"column":5}}]}},"s":{"0":3,"1":3,"2":3,"3":3,"4":32,"5":3,"6":86,"7":86,"8":86,"9":86,"10":3,"11":102,"12":102,"13":102,"14":8,"15":94,"16":94,"17":102,"18":3,"19":8,"20":94,"21":94,"22":18,"23":18,"24":18,"25":76,"26":22,"27":14,"28":14,"29":8,"30":8,"31":54,"32":94,"33":94,"34":102,"35":196,"36":196,"37":164,"38":196,"39":86,"40":70,"41":70,"42":18,"43":14,"44":18,"45":13,"46":18,"47":14,"48":4,"49":86,"50":86,"51":86,"52":86,"53":86,"54":86,"55":16,"56":16,"57":2,"58":14,"59":70,"60":28,"61":42,"62":86,"63":66,"64":66,"65":2,"66":2,"67":64,"68":3,"69":3,"70":61,"71":3,"72":3,"73":58,"74":58,"75":51,"76":7,"77":66,"78":86,"79":86,"80":3,"81":3,"82":83,"83":2,"84":2,"85":81,"86":3,"87":3,"88":78,"89":12,"90":12,"91":12,"92":86,"93":86,"94":9,"95":9,"96":3,"97":3,"98":6,"99":2,"100":2,"101":4,"102":4,"103":86},"f":{"0":32,"1":86,"2":102,"3":8,"4":94,"5":94,"6":102,"7":196,"8":86,"9":86,"10":86,"11":86,"12":86,"13":86},"b":{"0":[2,84],"1":[3,83],"2":[3,83],"3":[51,35],"4":[3,83],"5":[8,94],"6":[18,76],"7":[22,54],"8":[14,8],"9":[164,32],"10":[70,16],"11":[86,73],"12":[18,52],"13":[14,4],"14":[13,5],"15":[14,4],"16":[16,70],"17":[2,14],"18":[16,6],"19":[28,42],"20":[70,70],"21":[66,20],"22":[86,69],"23":[64,2],"24":[2,64],"25":[3,61],"26":[3,58],"27":[51,7],"28":[58,9],"29":[3,83],"30":[86,69],"31":[2,81],"32":[3,78],"33":[12,66],"34":[9,77],"35":[86,83,81],"36":[3,6],"37":[2,4]}}
,"/home/gofrendi/Projects/neo-chimera/src/libraries/singleTaskScriptGenerator.ts": {"path":"/home/gofrendi/Projects/neo-chimera/src/libraries/singleTaskScriptGenerator.ts","statementMap":{"0":{"start":{"line":1,"column":0},"end":{"line":1,"column":26}},"1":{"start":{"line":2,"column":0},"end":{"line":2,"column":77}},"2":{"start":{"line":6,"column":15},"end":{"line":6,"column":17}},"3":{"start":{"line":7,"column":2},"end":{"line":9,"column":3}},"4":{"start":{"line":8,"column":4},"end":{"line":8,"column":18}},"5":{"start":{"line":10,"column":14},"end":{"line":10,"column":50}},"6":{"start":{"line":11,"column":2},"end":{"line":11,"column":45}},"7":{"start":{"line":11,"column":30},"end":{"line":11,"column":43}},"8":{"start":{"line":12,"column":2},"end":{"line":12,"column":26}},"9":{"start":{"line":5,"column":0},"end":{"line":13,"column":1}},"10":{"start":{"line":16,"column":14},"end":{"line":16,"column":33}},"11":{"start":{"line":17,"column":19},"end":{"line":20,"column":8}},"12":{"start":{"line":21,"column":2},"end":{"line":21,"column":59}},"13":{"start":{"line":25,"column":14},"end":{"line":25,"column":33}},"14":{"start":{"line":26,"column":19},"end":{"line":35,"column":9}},"15":{"start":{"line":36,"column":2},"end":{"line":36,"column":59}},"16":{"start":{"line":40,"column":14},"end":{"line":40,"column":33}},"17":{"start":{"line":41,"column":19},"end":{"line":42,"column":76}},"18":{"start":{"line":43,"column":2},"end":{"line":43,"column":59}},"19":{"start":{"line":47,"column":14},"end":{"line":47,"column":33}},"20":{"start":{"line":48,"column":19},"end":{"line":50,"column":57}},"21":{"start":{"line":51,"column":2},"end":{"line":51,"column":59}},"22":{"start":{"line":55,"column":2},"end":{"line":55,"column":96}},"23":{"start":{"line":55,"column":43},"end":{"line":55,"column":83}},"24":{"start":{"line":59,"column":2},"end":{"line":59,"column":66}},"25":{"start":{"line":59,"column":43},"end":{"line":59,"column":64}},"26":{"start":{"line":63,"column":32},"end":{"line":63,"column":68}},"27":{"start":{"line":64,"column":26},"end":{"line":64,"column":50}},"28":{"start":{"line":65,"column":23},"end":{"line":65,"column":76}},"29":{"start":{"line":65,"column":53},"end":{"line":65,"column":64}},"30":{"start":{"line":66,"column":19},"end":{"line":67,"column":73}},"31":{"start":{"line":68,"column":2},"end":{"line":68,"column":91}},"32":{"start":{"line":72,"column":32},"end":{"line":72,"column":68}},"33":{"start":{"line":73,"column":26},"end":{"line":73,"column":50}},"34":{"start":{"line":74,"column":22},"end":{"line":74,"column":86}},"35":{"start":{"line":74,"column":52},"end":{"line":74,"column":76}},"36":{"start":{"line":75,"column":19},"end":{"line":76,"column":78}},"37":{"start":{"line":77,"column":2},"end":{"line":77,"column":90}},"38":{"start":{"line":81,"column":2},"end":{"line":91,"column":3}},"39":{"start":{"line":82,"column":22},"end":{"line":82,"column":40}},"40":{"start":{"line":83,"column":24},"end":{"line":83,"column":44}},"41":{"start":{"line":85,"column":6},"end":{"line":90,"column":7}},"42":{"start":{"line":86,"column":30},"end":{"line":86,"column":45}},"43":{"start":{"line":87,"column":42},"end":{"line":87,"column":69}},"44":{"start":{"line":88,"column":41},"end":{"line":88,"column":67}},"45":{"start":{"line":89,"column":36},"end":{"line":89,"column":57}},"46":{"start":{"line":95,"column":20},"end":{"line":95,"column":63}},"47":{"start":{"line":96,"column":19},"end":{"line":96,"column":60}},"48":{"start":{"line":97,"column":28},"end":{"line":100,"column":15}},"49":{"start":{"line":98,"column":18},"end":{"line":98,"column":94}},"50":{"start":{"line":99,"column":4},"end":{"line":99,"column":71}},"51":{"start":{"line":101,"column":2},"end":{"line":103,"column":3}},"52":{"start":{"line":102,"column":4},"end":{"line":102,"column":32}},"53":{"start":{"line":104,"column":2},"end":{"line":104,"column":29}},"54":{"start":{"line":108,"column":2},"end":{"line":108,"column":73}},"55":{"start":{"line":112,"column":2},"end":{"line":112,"column":72}},"56":{"start":{"line":112,"column":48},"end":{"line":112,"column":59}},"57":{"start":{"line":116,"column":33},"end":{"line":116,"column":72}},"58":{"start":{"line":117,"column":2},"end":{"line":121,"column":8}},"59":{"start":{"line":125,"column":2},"end":{"line":126,"column":51}},"60":{"start":{"line":130,"column":2},"end":{"line":131,"column":51}},"61":{"start":{"line":135,"column":23},"end":{"line":147,"column":7}},"62":{"start":{"line":148,"column":2},"end":{"line":153,"column":3}},"63":{"start":{"line":149,"column":30},"end":{"line":149,"column":82}},"64":{"start":{"line":150,"column":29},"end":{"line":150,"column":71}},"65":{"start":{"line":151,"column":32},"end":{"line":151,"column":77}},"66":{"start":{"line":152,"column":32},"end":{"line":152,"column":77}},"67":{"start":{"line":157,"column":18},"end":{"line":157,"column":34}},"68":{"start":{"line":158,"column":24},"end":{"line":158,"column":60}},"69":{"start":{"line":159,"column":30},"end":{"line":159,"column":74}},"70":{"start":{"line":160,"column":14},"end":{"line":160,"column":58}},"71":{"start":{"line":161,"column":20},"end":{"line":161,"column":39}},"72":{"start":{"line":162,"column":17},"end":{"line":162,"column":37}},"73":{"start":{"line":163,"column":15},"end":{"line":163,"column":33}},"74":{"start":{"line":164,"column":19},"end":{"line":164,"column":36}},"75":{"start":{"line":165,"column":2},"end":{"line":165,"column":120}},"76":{"start":{"line":156,"column":0},"end":{"line":166,"column":1}},"77":{"start":{"line":169,"column":2},"end":{"line":169,"column":52}},"78":{"start":{"line":173,"column":23},"end":{"line":173,"column":45}},"79":{"start":{"line":174,"column":14},"end":{"line":174,"column":43}},"80":{"start":{"line":175,"column":2},"end":{"line":184,"column":3}},"81":{"start":{"line":176,"column":4},"end":{"line":178,"column":5}},"82":{"start":{"line":177,"column":6},"end":{"line":177,"column":21}},"83":{"start":{"line":179,"column":4},"end":{"line":183,"column":5}},"84":{"start":{"line":180,"column":22},"end":{"line":180,"column":108}},"85":{"start":{"line":181,"column":28},"end":{"line":181,"column":85}},"86":{"start":{"line":181,"column":56},"end":{"line":181,"column":84}},"87":{"start":{"line":182,"column":6},"end":{"line":182,"column":40}},"88":{"start":{"line":185,"column":2},"end":{"line":185,"column":14}}},"fnMap":{"0":{"name":"renderTemplate","decl":{"start":{"line":5,"column":0},"end":{"line":5,"column":30}},"loc":{"start":{"line":5,"column":101},"end":{"line":13,"column":1}}},"1":{"name":"(anonymous_1)","decl":{"start":{"line":11,"column":20},"end":{"line":11,"column":21}},"loc":{"start":{"line":11,"column":30},"end":{"line":11,"column":43}}},"2":{"name":"wrapJsSyncFunction","decl":{"start":{"line":15,"column":0},"end":{"line":15,"column":27}},"loc":{"start":{"line":15,"column":65},"end":{"line":22,"column":1}}},"3":{"name":"wrapJsAsyncFunction","decl":{"start":{"line":24,"column":0},"end":{"line":24,"column":28}},"loc":{"start":{"line":24,"column":66},"end":{"line":37,"column":1}}},"4":{"name":"wrapJsPromise","decl":{"start":{"line":39,"column":0},"end":{"line":39,"column":22}},"loc":{"start":{"line":39,"column":60},"end":{"line":44,"column":1}}},"5":{"name":"wrapCmd","decl":{"start":{"line":46,"column":0},"end":{"line":46,"column":16}},"loc":{"start":{"line":46,"column":54},"end":{"line":52,"column":1}}},"6":{"name":"createSubHandlerDeclaration","decl":{"start":{"line":54,"column":0},"end":{"line":54,"column":36}},"loc":{"start":{"line":54,"column":74},"end":{"line":56,"column":1}}},"7":{"name":"(anonymous_7)","decl":{"start":{"line":55,"column":30},"end":{"line":55,"column":31}},"loc":{"start":{"line":55,"column":43},"end":{"line":55,"column":83}}},"8":{"name":"getSubHandlerNames","decl":{"start":{"line":58,"column":0},"end":{"line":58,"column":27}},"loc":{"start":{"line":58,"column":45},"end":{"line":60,"column":1}}},"9":{"name":"(anonymous_9)","decl":{"start":{"line":59,"column":30},"end":{"line":59,"column":31}},"loc":{"start":{"line":59,"column":43},"end":{"line":59,"column":64}}},"10":{"name":"wrapParallel","decl":{"start":{"line":62,"column":0},"end":{"line":62,"column":21}},"loc":{"start":{"line":62,"column":59},"end":{"line":69,"column":1}}},"11":{"name":"(anonymous_11)","decl":{"start":{"line":65,"column":43},"end":{"line":65,"column":44}},"loc":{"start":{"line":65,"column":53},"end":{"line":65,"column":64}}},"12":{"name":"wrapSeries","decl":{"start":{"line":71,"column":0},"end":{"line":71,"column":19}},"loc":{"start":{"line":71,"column":57},"end":{"line":78,"column":1}}},"13":{"name":"(anonymous_13)","decl":{"start":{"line":74,"column":42},"end":{"line":74,"column":43}},"loc":{"start":{"line":74,"column":52},"end":{"line":74,"column":76}}},"14":{"name":"getWrapper","decl":{"start":{"line":80,"column":0},"end":{"line":80,"column":19}},"loc":{"start":{"line":80,"column":37},"end":{"line":92,"column":1}}},"15":{"name":"getVariableDeclaration","decl":{"start":{"line":94,"column":0},"end":{"line":94,"column":31}},"loc":{"start":{"line":94,"column":61},"end":{"line":105,"column":1}}},"16":{"name":"(anonymous_16)","decl":{"start":{"line":97,"column":42},"end":{"line":97,"column":43}},"loc":{"start":{"line":97,"column":59},"end":{"line":100,"column":3}}},"17":{"name":"getNonFunctionalTemplate","decl":{"start":{"line":107,"column":0},"end":{"line":107,"column":33}},"loc":{"start":{"line":107,"column":73},"end":{"line":109,"column":1}}},"18":{"name":"getFunctionalUnitTemplate","decl":{"start":{"line":111,"column":0},"end":{"line":111,"column":34}},"loc":{"start":{"line":111,"column":55},"end":{"line":113,"column":1}}},"19":{"name":"(anonymous_19)","decl":{"start":{"line":112,"column":38},"end":{"line":112,"column":39}},"loc":{"start":{"line":112,"column":48},"end":{"line":112,"column":59}}},"20":{"name":"getMapTemplate","decl":{"start":{"line":115,"column":0},"end":{"line":115,"column":23}},"loc":{"start":{"line":115,"column":63},"end":{"line":122,"column":1}}},"21":{"name":"getFilterTemplate","decl":{"start":{"line":124,"column":0},"end":{"line":124,"column":26}},"loc":{"start":{"line":124,"column":66},"end":{"line":127,"column":1}}},"22":{"name":"getReduceTemplate","decl":{"start":{"line":129,"column":0},"end":{"line":129,"column":26}},"loc":{"start":{"line":129,"column":66},"end":{"line":132,"column":1}}},"23":{"name":"getTemplate","decl":{"start":{"line":134,"column":0},"end":{"line":134,"column":20}},"loc":{"start":{"line":134,"column":38},"end":{"line":154,"column":1}}},"24":{"name":"createHandlerScript","decl":{"start":{"line":156,"column":0},"end":{"line":156,"column":35}},"loc":{"start":{"line":156,"column":77},"end":{"line":166,"column":1}}},"25":{"name":"getTopLevelVariable","decl":{"start":{"line":168,"column":0},"end":{"line":168,"column":28}},"loc":{"start":{"line":168,"column":49},"end":{"line":170,"column":1}}},"26":{"name":"getVariables","decl":{"start":{"line":172,"column":0},"end":{"line":172,"column":21}},"loc":{"start":{"line":172,"column":39},"end":{"line":186,"column":1}}},"27":{"name":"(anonymous_27)","decl":{"start":{"line":181,"column":43},"end":{"line":181,"column":44}},"loc":{"start":{"line":181,"column":56},"end":{"line":181,"column":84}}}},"branchMap":{"0":{"loc":{"start":{"line":5,"column":100},"end":{"line":5,"column":101}},"type":"default-arg","locations":[{"start":{"line":5,"column":100},"end":{"line":5,"column":101}}]},"1":{"loc":{"start":{"line":82,"column":4},"end":{"line":82,"column":40}},"type":"switch","locations":[{"start":{"line":82,"column":4},"end":{"line":82,"column":40}},{"start":{"line":83,"column":4},"end":{"line":83,"column":44}},{"start":{"line":84,"column":4},"end":{"line":90,"column":7}}]},"2":{"loc":{"start":{"line":86,"column":8},"end":{"line":86,"column":45}},"type":"switch","locations":[{"start":{"line":86,"column":8},"end":{"line":86,"column":45}},{"start":{"line":87,"column":8},"end":{"line":87,"column":69}},{"start":{"line":88,"column":8},"end":{"line":88,"column":67}},{"start":{"line":89,"column":8},"end":{"line":89,"column":57}}]},"3":{"loc":{"start":{"line":95,"column":40},"end":{"line":95,"column":58}},"type":"cond-expr","locations":[{"start":{"line":95,"column":40},"end":{"line":95,"column":58}},{"start":{"line":95,"column":61},"end":{"line":95,"column":63}}]},"4":{"loc":{"start":{"line":98,"column":46},"end":{"line":98,"column":85}},"type":"cond-expr","locations":[{"start":{"line":98,"column":46},"end":{"line":98,"column":85}},{"start":{"line":98,"column":88},"end":{"line":98,"column":94}}]},"5":{"loc":{"start":{"line":101,"column":2},"end":{"line":103,"column":3}},"type":"if","locations":[{"start":{"line":101,"column":2},"end":{"line":103,"column":3}},{"start":{"line":101,"column":2},"end":{"line":103,"column":3}}]},"6":{"loc":{"start":{"line":149,"column":4},"end":{"line":149,"column":82}},"type":"switch","locations":[{"start":{"line":149,"column":4},"end":{"line":149,"column":82}},{"start":{"line":150,"column":4},"end":{"line":150,"column":71}},{"start":{"line":151,"column":4},"end":{"line":151,"column":77}},{"start":{"line":152,"column":4},"end":{"line":152,"column":77}}]},"7":{"loc":{"start":{"line":156,"column":76},"end":{"line":156,"column":77}},"type":"default-arg","locations":[{"start":{"line":156,"column":76},"end":{"line":156,"column":77}}]},"8":{"loc":{"start":{"line":160,"column":34},"end":{"line":160,"column":53}},"type":"cond-expr","locations":[{"start":{"line":160,"column":34},"end":{"line":160,"column":53}},{"start":{"line":160,"column":56},"end":{"line":160,"column":58}}]},"9":{"loc":{"start":{"line":175,"column":2},"end":{"line":184,"column":3}},"type":"if","locations":[{"start":{"line":175,"column":2},"end":{"line":184,"column":3}},{"start":{"line":175,"column":2},"end":{"line":184,"column":3}}]},"10":{"loc":{"start":{"line":175,"column":6},"end":{"line":175,"column":34}},"type":"binary-expr","locations":[{"start":{"line":175,"column":6},"end":{"line":175,"column":34}},{"start":{"line":175,"column":38},"end":{"line":175,"column":62}}]},"11":{"loc":{"start":{"line":176,"column":4},"end":{"line":178,"column":5}},"type":"if","locations":[{"start":{"line":176,"column":4},"end":{"line":178,"column":5}},{"start":{"line":176,"column":4},"end":{"line":178,"column":5}}]},"12":{"loc":{"start":{"line":180,"column":71},"end":{"line":180,"column":92}},"type":"cond-expr","locations":[{"start":{"line":180,"column":71},"end":{"line":180,"column":92}},{"start":{"line":180,"column":95},"end":{"line":180,"column":108}}]}},"s":{"0":1,"1":1,"2":34,"3":34,"4":90,"5":34,"6":34,"7":359,"8":34,"9":1,"10":7,"11":7,"12":7,"13":1,"14":1,"15":1,"16":1,"17":1,"18":1,"19":1,"20":1,"21":1,"22":2,"23":4,"24":2,"25":4,"26":1,"27":1,"28":1,"29":2,"30":1,"31":1,"32":1,"33":1,"34":1,"35":2,"36":1,"37":1,"38":12,"39":1,"40":1,"41":10,"42":1,"43":1,"44":7,"45":1,"46":12,"47":12,"48":12,"49":8,"50":8,"51":12,"52":7,"53":12,"54":11,"55":1,"56":11,"57":1,"58":1,"59":0,"60":0,"61":12,"62":12,"63":11,"64":1,"65":0,"66":0,"67":12,"68":12,"69":12,"70":12,"71":12,"72":12,"73":12,"74":12,"75":12,"76":1,"77":10,"78":10,"79":10,"80":10,"81":8,"82":7,"83":8,"84":2,"85":2,"86":2,"87":2,"88":10},"f":{"0":34,"1":359,"2":7,"3":1,"4":1,"5":1,"6":2,"7":4,"8":2,"9":4,"10":1,"11":2,"12":1,"13":2,"14":12,"15":12,"16":8,"17":11,"18":1,"19":11,"20":1,"21":0,"22":0,"23":12,"24":12,"25":10,"26":10,"27":2},"b":{"0":[1],"1":[1,1,10],"2":[1,1,7,1],"3":[8,4],"4":[1,7],"5":[7,5],"6":[11,1,0,0],"7":[8],"8":[8,4],"9":[8,2],"10":[10,9],"11":[7,1],"12":[2,0]}}
,"/home/gofrendi/Projects/neo-chimera/src/libraries/stringUtil.ts": {"path":"/home/gofrendi/Projects/neo-chimera/src/libraries/stringUtil.ts","statementMap":{"0":{"start":{"line":2,"column":2},"end":{"line":4,"column":3}},"1":{"start":{"line":3,"column":4},"end":{"line":3,"column":17}},"2":{"start":{"line":5,"column":29},"end":{"line":5,"column":33}},"3":{"start":{"line":6,"column":29},"end":{"line":6,"column":33}},"4":{"start":{"line":7,"column":15},"end":{"line":7,"column":17}},"5":{"start":{"line":8,"column":13},"end":{"line":8,"column":15}},"6":{"start":{"line":9,"column":2},"end":{"line":23,"column":3}},"7":{"start":{"line":10,"column":16},"end":{"line":10,"column":22}},"8":{"start":{"line":11,"column":4},"end":{"line":22,"column":5}},"9":{"start":{"line":12,"column":6},"end":{"line":12,"column":29}},"10":{"start":{"line":13,"column":6},"end":{"line":13,"column":32}},"11":{"start":{"line":14,"column":6},"end":{"line":14,"column":16}},"12":{"start":{"line":16,"column":6},"end":{"line":20,"column":7}},"13":{"start":{"line":17,"column":8},"end":{"line":17,"column":53}},"14":{"start":{"line":18,"column":13},"end":{"line":20,"column":7}},"15":{"start":{"line":19,"column":8},"end":{"line":19,"column":53}},"16":{"start":{"line":21,"column":6},"end":{"line":21,"column":18}},"17":{"start":{"line":24,"column":2},"end":{"line":24,"column":25}},"18":{"start":{"line":25,"column":2},"end":{"line":25,"column":14}},"19":{"start":{"line":1,"column":0},"end":{"line":26,"column":1}},"20":{"start":{"line":29,"column":2},"end":{"line":32,"column":3}},"21":{"start":{"line":31,"column":4},"end":{"line":31,"column":16}},"22":{"start":{"line":33,"column":2},"end":{"line":33,"column":15}},"23":{"start":{"line":28,"column":0},"end":{"line":34,"column":1}},"24":{"start":{"line":37,"column":2},"end":{"line":39,"column":3}},"25":{"start":{"line":38,"column":4},"end":{"line":38,"column":91}},"26":{"start":{"line":40,"column":2},"end":{"line":40,"column":13}},"27":{"start":{"line":36,"column":0},"end":{"line":41,"column":1}},"28":{"start":{"line":44,"column":17},"end":{"line":44,"column":42}},"29":{"start":{"line":45,"column":2},"end":{"line":45,"column":23}},"30":{"start":{"line":43,"column":0},"end":{"line":46,"column":1}}},"fnMap":{"0":{"name":"smartSplit","decl":{"start":{"line":1,"column":0},"end":{"line":1,"column":26}},"loc":{"start":{"line":1,"column":57},"end":{"line":26,"column":1}}},"1":{"name":"isFlanked","decl":{"start":{"line":28,"column":0},"end":{"line":28,"column":25}},"loc":{"start":{"line":28,"column":76},"end":{"line":34,"column":1}}},"2":{"name":"removeFlank","decl":{"start":{"line":36,"column":0},"end":{"line":36,"column":27}},"loc":{"start":{"line":36,"column":62},"end":{"line":41,"column":1}}},"3":{"name":"doubleQuote","decl":{"start":{"line":43,"column":0},"end":{"line":43,"column":27}},"loc":{"start":{"line":43,"column":39},"end":{"line":46,"column":1}}}},"branchMap":{"0":{"loc":{"start":{"line":2,"column":2},"end":{"line":4,"column":3}},"type":"if","locations":[{"start":{"line":2,"column":2},"end":{"line":4,"column":3}},{"start":{"line":2,"column":2},"end":{"line":4,"column":3}}]},"1":{"loc":{"start":{"line":11,"column":4},"end":{"line":22,"column":5}},"type":"if","locations":[{"start":{"line":11,"column":4},"end":{"line":22,"column":5}},{"start":{"line":11,"column":4},"end":{"line":22,"column":5}}]},"2":{"loc":{"start":{"line":11,"column":8},"end":{"line":11,"column":28}},"type":"binary-expr","locations":[{"start":{"line":11,"column":8},"end":{"line":11,"column":28}},{"start":{"line":11,"column":32},"end":{"line":11,"column":52}},{"start":{"line":11,"column":56},"end":{"line":11,"column":101}}]},"3":{"loc":{"start":{"line":16,"column":6},"end":{"line":20,"column":7}},"type":"if","locations":[{"start":{"line":16,"column":6},"end":{"line":20,"column":7}},{"start":{"line":16,"column":6},"end":{"line":20,"column":7}}]},"4":{"loc":{"start":{"line":18,"column":13},"end":{"line":20,"column":7}},"type":"if","locations":[{"start":{"line":18,"column":13},"end":{"line":20,"column":7}},{"start":{"line":18,"column":13},"end":{"line":20,"column":7}}]},"5":{"loc":{"start":{"line":29,"column":2},"end":{"line":32,"column":3}},"type":"if","locations":[{"start":{"line":29,"column":2},"end":{"line":32,"column":3}},{"start":{"line":29,"column":2},"end":{"line":32,"column":3}}]},"6":{"loc":{"start":{"line":29,"column":6},"end":{"line":29,"column":51}},"type":"binary-expr","locations":[{"start":{"line":29,"column":6},"end":{"line":29,"column":51}},{"start":{"line":30,"column":4},"end":{"line":30,"column":80}}]},"7":{"loc":{"start":{"line":37,"column":2},"end":{"line":39,"column":3}},"type":"if","locations":[{"start":{"line":37,"column":2},"end":{"line":39,"column":3}},{"start":{"line":37,"column":2},"end":{"line":39,"column":3}}]}},"s":{"0":418,"1":333,"2":85,"3":85,"4":85,"5":85,"6":85,"7":1175,"8":1175,"9":104,"10":104,"11":104,"12":1071,"13":2,"14":1069,"15":4,"16":1071,"17":85,"18":85,"19":5,"20":269,"21":64,"22":205,"23":5,"24":52,"25":41,"26":11,"27":5,"28":13,"29":13,"30":5},"f":{"0":418,"1":269,"2":52,"3":13},"b":{"0":[333,85],"1":[104,1071],"2":[1175,1158,1151],"3":[2,1069],"4":[4,1065],"5":[64,205],"6":[269,74],"7":[41,11]}}
}
