TN:
SF:/home/gofrendi/Projects/neo-chimera/src/classes/SingleTask.ts
FN:22,(anonymous_0)
FN:45,(anonymous_1)
FN:50,(anonymous_2)
FN:51,(anonymous_3)
FNF:4
FNH:1
FNDA:64,(anonymous_0)
FNDA:0,(anonymous_1)
FNDA:0,(anonymous_2)
FNDA:0,(anonymous_3)
DA:1,2
DA:3,2
DA:5,2
DA:23,64
DA:25,64
DA:26,64
DA:27,64
DA:28,64
DA:29,64
DA:30,64
DA:31,64
DA:32,64
DA:33,64
DA:34,64
DA:35,64
DA:36,64
DA:37,64
DA:38,64
DA:39,64
DA:40,64
DA:41,22
DA:47,0
DA:51,0
DA:52,0
DA:54,0
LF:25
LH:21
BRDA:22,0,0,42
BRDA:22,1,0,42
BRDA:24,2,0,28
BRDA:24,2,1,36
BRDA:39,3,0,64
BRDA:39,3,1,22
BRF:6
BRH:6
end_of_record
TN:
SF:/home/gofrendi/Projects/neo-chimera/src/enums/singleTaskProperty.ts
FN:1,(anonymous_0)
FN:7,(anonymous_1)
FN:14,(anonymous_2)
FNF:3
FNH:3
FNDA:3,(anonymous_0)
FNDA:3,(anonymous_1)
FNDA:3,(anonymous_2)
DA:1,3
DA:2,3
DA:3,3
DA:4,3
DA:7,3
DA:8,3
DA:9,3
DA:10,3
DA:11,3
DA:14,3
DA:15,3
DA:16,3
DA:17,3
DA:18,3
LF:14
LH:14
BRDA:1,0,0,3
BRDA:1,0,1,3
BRDA:7,1,0,3
BRDA:7,1,1,3
BRDA:14,2,0,3
BRDA:14,2,1,3
BRF:6
BRH:6
end_of_record
TN:
SF:/home/gofrendi/Projects/neo-chimera/src/libraries/cmd.ts
FN:4,cmd
FN:5,(anonymous_1)
FN:6,(anonymous_2)
FN:14,(anonymous_3)
FN:18,(anonymous_4)
FN:22,stdinListener
FN:27,(anonymous_6)
FN:35,composeCommand
FN:36,(anonymous_8)
FN:37,(anonymous_9)
FN:42,cmdComposedCommand
FNF:11
FNH:10
FNDA:5,cmd
FNDA:5,(anonymous_1)
FNDA:5,(anonymous_2)
FNDA:4,(anonymous_3)
FNDA:7,(anonymous_4)
FNDA:0,stdinListener
FNDA:5,(anonymous_6)
FNDA:3,composeCommand
FNDA:6,(anonymous_8)
FNDA:6,(anonymous_9)
FNDA:2,cmdComposedCommand
DA:1,2
DA:2,2
DA:4,2
DA:5,5
DA:6,5
DA:7,5
DA:8,1
DA:10,4
DA:14,5
DA:15,4
DA:18,5
DA:19,7
DA:23,0
DA:26,5
DA:27,5
DA:28,5
DA:29,5
DA:35,2
DA:36,6
DA:37,6
DA:38,3
DA:39,3
DA:42,2
DA:44,2
LF:24
LH:23
BRDA:7,0,0,1
BRDA:7,0,1,4
BRDA:35,1,0,0
BRDA:42,2,0,0
BRF:4
BRH:2
end_of_record
TN:
SF:/home/gofrendi/Projects/neo-chimera/src/libraries/scriptTransform.ts
FN:3,tsToJs
FNF:1
FNH:1
FNDA:1,tsToJs
DA:1,1
DA:3,1
DA:4,1
DA:8,1
DA:9,1
DA:10,1
LF:6
LH:6
BRF:0
BRH:0
end_of_record
TN:
SF:/home/gofrendi/Projects/neo-chimera/src/libraries/singleTaskConfigProcessor.ts
FN:7,strToNormalizedConfig
FN:11,normalizeRawConfig
FN:32,strToRawConfig
FN:44,longArrowPartsToConfig
FN:52,shortArrowPartsToConfig
FN:76,splitByShortArrow
FN:80,splitByLongArrow
FN:84,splitBy
FN:92,preprocessRawConfigShorthand
FN:112,parseCommand
FN:119,getNormalIns
FN:132,parseSingleCommand
FN:158,parseNestedCommand
FN:177,parseFunctionalCommand
FNF:14
FNH:14
FNDA:37,strToNormalizedConfig
FNDA:97,normalizeRawConfig
FNDA:111,strToRawConfig
FNDA:13,longArrowPartsToConfig
FNDA:98,shortArrowPartsToConfig
FNDA:98,splitByShortArrow
FNDA:111,splitByLongArrow
FNDA:209,splitBy
FNDA:97,preprocessRawConfigShorthand
FNDA:97,parseCommand
FNDA:97,getNormalIns
FNDA:97,parseSingleCommand
FNDA:97,parseNestedCommand
FNDA:97,parseFunctionalCommand
DA:1,3
DA:2,3
DA:4,3
DA:5,3
DA:7,3
DA:8,37
DA:11,3
DA:12,97
DA:13,97
DA:28,97
DA:29,97
DA:32,3
DA:33,111
DA:34,111
DA:35,111
DA:36,13
DA:38,98
DA:39,98
DA:41,111
DA:46,13
DA:53,98
DA:54,98
DA:56,19
DA:57,19
DA:58,19
DA:59,79
DA:60,24
DA:62,16
DA:63,16
DA:66,8
DA:67,8
DA:71,55
DA:73,98
DA:77,98
DA:81,111
DA:85,209
DA:86,209
DA:87,173
DA:89,209
DA:93,97
DA:94,74
DA:95,74
DA:96,21
DA:97,17
DA:99,21
DA:100,14
DA:102,21
DA:103,16
DA:105,5
DA:109,97
DA:113,97
DA:114,97
DA:115,97
DA:116,97
DA:120,97
DA:121,17
DA:122,17
DA:123,2
DA:125,15
DA:126,80
DA:127,30
DA:129,50
DA:134,97
DA:135,69
DA:136,69
DA:137,2
DA:138,2
DA:139,67
DA:140,3
DA:141,3
DA:142,64
DA:143,3
DA:144,3
DA:146,61
DA:147,61
DA:148,54
DA:150,7
DA:153,69
DA:155,97
DA:160,97
DA:161,5
DA:162,5
DA:163,92
DA:164,2
DA:165,2
DA:166,90
DA:167,4
DA:168,4
DA:169,86
DA:170,17
DA:171,17
DA:172,17
DA:174,97
DA:179,97
DA:180,11
DA:181,11
DA:182,3
DA:183,3
DA:184,8
DA:185,3
DA:186,3
DA:188,5
DA:189,5
DA:192,97
LF:104
LH:104
BRDA:14,0,0,2
BRDA:14,0,1,95
BRDA:15,1,0,4
BRDA:15,1,1,93
BRDA:22,2,0,4
BRDA:22,2,1,93
BRDA:24,3,0,58
BRDA:24,3,1,39
BRDA:26,4,0,3
BRDA:26,4,1,94
BRDA:35,5,0,13
BRDA:35,5,1,98
BRDA:54,6,0,19
BRDA:54,6,1,79
BRDA:59,7,0,24
BRDA:59,7,1,55
BRDA:60,8,0,16
BRDA:60,8,1,8
BRDA:86,9,0,173
BRDA:86,9,1,36
BRDA:93,10,0,74
BRDA:93,10,1,23
BRDA:93,11,0,97
BRDA:93,11,1,79
BRDA:95,12,0,21
BRDA:95,12,1,53
BRDA:96,13,0,17
BRDA:96,13,1,4
BRDA:99,14,0,14
BRDA:99,14,1,7
BRDA:102,15,0,16
BRDA:102,15,1,5
BRDA:120,16,0,17
BRDA:120,16,1,80
BRDA:122,17,0,2
BRDA:122,17,1,15
BRDA:122,18,0,17
BRDA:122,18,1,7
BRDA:126,19,0,30
BRDA:126,19,1,50
BRDA:126,20,0,80
BRDA:126,20,1,80
BRDA:134,21,0,69
BRDA:134,21,1,28
BRDA:134,22,0,97
BRDA:134,22,1,74
BRDA:135,23,0,67
BRDA:135,23,1,2
BRDA:136,24,0,2
BRDA:136,24,1,67
BRDA:139,25,0,3
BRDA:139,25,1,64
BRDA:142,26,0,3
BRDA:142,26,1,61
BRDA:147,27,0,54
BRDA:147,27,1,7
BRDA:147,28,0,61
BRDA:147,28,1,9
BRDA:160,29,0,5
BRDA:160,29,1,92
BRDA:160,30,0,97
BRDA:160,30,1,74
BRDA:163,31,0,2
BRDA:163,31,1,90
BRDA:166,32,0,4
BRDA:166,32,1,86
BRDA:169,33,0,17
BRDA:169,33,1,69
BRDA:179,34,0,11
BRDA:179,34,1,86
BRDA:179,35,0,97
BRDA:179,35,1,94
BRDA:179,35,2,91
BRDA:181,36,0,3
BRDA:181,36,1,8
BRDA:184,37,0,3
BRDA:184,37,1,5
BRF:77
BRH:77
end_of_record
TN:
SF:/home/gofrendi/Projects/neo-chimera/src/libraries/singleTaskScriptGenerator.ts
FN:5,renderTemplate
FN:11,(anonymous_1)
FN:15,wrapJsSyncFunction
FN:24,wrapJsAsyncFunction
FN:39,wrapJsPromise
FN:46,wrapCmd
FN:54,createSubHandlerDeclaration
FN:55,(anonymous_7)
FN:58,getSubHandlerNames
FN:59,(anonymous_9)
FN:62,wrapParallel
FN:65,(anonymous_11)
FN:71,wrapSeries
FN:74,(anonymous_13)
FN:80,getWrapper
FN:94,getVariableDeclaration
FN:97,(anonymous_16)
FN:107,createHandlerScript
FN:131,getTopLevelVariable
FN:135,getVariables
FN:144,(anonymous_20)
FNF:21
FNH:21
FNDA:31,renderTemplate
FNDA:317,(anonymous_1)
FNDA:6,wrapJsSyncFunction
FNDA:1,wrapJsAsyncFunction
FNDA:1,wrapJsPromise
FNDA:1,wrapCmd
FNDA:2,createSubHandlerDeclaration
FNDA:4,(anonymous_7)
FNDA:2,getSubHandlerNames
FNDA:4,(anonymous_9)
FNDA:1,wrapParallel
FNDA:2,(anonymous_11)
FNDA:1,wrapSeries
FNDA:2,(anonymous_13)
FNDA:11,getWrapper
FNDA:11,getVariableDeclaration
FNDA:7,(anonymous_16)
FNDA:11,createHandlerScript
FNDA:19,getTopLevelVariable
FNDA:19,getVariables
FNDA:15,(anonymous_20)
DA:1,1
DA:2,1
DA:5,1
DA:6,31
DA:7,31
DA:8,82
DA:10,31
DA:11,317
DA:12,31
DA:16,6
DA:17,6
DA:21,6
DA:25,1
DA:26,1
DA:36,1
DA:40,1
DA:41,1
DA:43,1
DA:47,1
DA:48,1
DA:51,1
DA:55,4
DA:59,4
DA:63,1
DA:64,1
DA:65,2
DA:66,1
DA:68,1
DA:72,1
DA:73,1
DA:74,2
DA:75,1
DA:77,1
DA:81,11
DA:82,1
DA:83,1
DA:85,9
DA:86,1
DA:87,1
DA:88,6
DA:89,1
DA:95,11
DA:96,11
DA:97,11
DA:98,7
DA:99,7
DA:101,11
DA:102,6
DA:104,11
DA:107,1
DA:108,11
DA:109,11
DA:110,11
DA:111,11
DA:112,11
DA:113,11
DA:114,11
DA:115,11
DA:128,11
DA:132,19
DA:135,1
DA:136,19
DA:137,19
DA:138,19
DA:139,16
DA:140,12
DA:142,16
DA:143,12
DA:144,15
DA:145,12
DA:148,19
LF:71
LH:71
BRDA:5,0,0,1
BRDA:15,1,0,0
BRDA:24,2,0,0
BRDA:39,3,0,0
BRDA:46,4,0,0
BRDA:54,5,0,0
BRDA:62,6,0,0
BRDA:71,7,0,0
BRDA:82,8,0,1
BRDA:82,8,1,1
BRDA:82,8,2,9
BRDA:86,9,0,1
BRDA:86,9,1,1
BRDA:86,9,2,6
BRDA:86,9,3,1
BRDA:95,10,0,7
BRDA:95,10,1,4
BRDA:98,11,0,1
BRDA:98,11,1,6
BRDA:101,12,0,6
BRDA:101,12,1,5
BRDA:107,13,0,7
BRDA:111,14,0,7
BRDA:111,14,1,4
BRDA:138,15,0,16
BRDA:138,15,1,3
BRDA:138,16,0,19
BRDA:138,16,1,17
BRDA:139,17,0,12
BRDA:139,17,1,4
BRDA:143,18,0,9
BRDA:143,18,1,3
BRF:32
BRH:25
end_of_record
TN:
SF:/home/gofrendi/Projects/neo-chimera/src/libraries/stringUtil.ts
FN:1,smartSplit
FN:28,isFlanked
FN:36,removeFlank
FN:43,doubleQuote
FNF:4
FNH:4
FNDA:449,smartSplit
FNDA:288,isFlanked
FNDA:60,removeFlank
FNDA:13,doubleQuote
DA:1,5
DA:2,449
DA:3,354
DA:5,95
DA:6,95
DA:7,95
DA:8,95
DA:9,95
DA:10,1471
DA:11,1471
DA:12,117
DA:13,117
DA:14,117
DA:16,1354
DA:17,2
DA:18,1352
DA:19,4
DA:21,1354
DA:24,95
DA:25,95
DA:28,5
DA:29,288
DA:31,69
DA:33,219
DA:36,5
DA:37,60
DA:38,44
DA:40,16
DA:43,5
DA:44,13
DA:45,13
LF:31
LH:31
BRDA:2,0,0,354
BRDA:2,0,1,95
BRDA:11,1,0,117
BRDA:11,1,1,1354
BRDA:11,2,0,1471
BRDA:11,2,1,1454
BRDA:11,2,2,1447
BRDA:16,3,0,2
BRDA:16,3,1,1352
BRDA:18,4,0,4
BRDA:18,4,1,1348
BRDA:29,5,0,69
BRDA:29,5,1,219
BRDA:29,6,0,288
BRDA:29,6,1,79
BRDA:37,7,0,44
BRDA:37,7,1,16
BRF:17
BRH:17
end_of_record
