TN:
SF:/home/gofrendi/Projects/neo-chimera/src/classes/SingleTask.ts
FN:22,(anonymous_0)
FN:45,(anonymous_1)
FN:50,(anonymous_2)
FN:51,(anonymous_3)
FNF:4
FNH:1
FNDA:67,(anonymous_0)
FNDA:0,(anonymous_1)
FNDA:0,(anonymous_2)
FNDA:0,(anonymous_3)
DA:1,2
DA:3,2
DA:5,2
DA:23,67
DA:25,67
DA:26,67
DA:27,67
DA:28,67
DA:29,67
DA:30,67
DA:31,67
DA:32,67
DA:33,67
DA:34,67
DA:35,67
DA:36,67
DA:37,67
DA:38,67
DA:39,67
DA:40,67
DA:41,22
DA:47,0
DA:51,0
DA:52,0
DA:54,0
LF:25
LH:21
BRDA:22,0,0,45
BRDA:22,1,0,45
BRDA:24,2,0,31
BRDA:24,2,1,36
BRDA:39,3,0,67
BRDA:39,3,1,22
BRF:6
BRH:6
end_of_record
TN:
SF:/home/gofrendi/Projects/neo-chimera/src/enums/singleTaskProperty.ts
FN:1,(anonymous_0)
FN:7,(anonymous_1)
FN:14,(anonymous_2)
FNF:3
FNH:3
FNDA:3,(anonymous_0)
FNDA:3,(anonymous_1)
FNDA:3,(anonymous_2)
DA:1,3
DA:2,3
DA:3,3
DA:4,3
DA:7,3
DA:8,3
DA:9,3
DA:10,3
DA:11,3
DA:14,3
DA:15,3
DA:16,3
DA:17,3
DA:18,3
LF:14
LH:14
BRDA:1,0,0,3
BRDA:1,0,1,3
BRDA:7,1,0,3
BRDA:7,1,1,3
BRDA:14,2,0,3
BRDA:14,2,1,3
BRF:6
BRH:6
end_of_record
TN:
SF:/home/gofrendi/Projects/neo-chimera/src/libraries/cmd.ts
FN:4,cmd
FN:5,(anonymous_1)
FN:6,(anonymous_2)
FN:14,(anonymous_3)
FN:18,(anonymous_4)
FN:22,stdinListener
FN:27,(anonymous_6)
FN:35,composeCommand
FN:36,(anonymous_8)
FN:37,(anonymous_9)
FN:42,cmdComposedCommand
FNF:11
FNH:10
FNDA:5,cmd
FNDA:5,(anonymous_1)
FNDA:5,(anonymous_2)
FNDA:4,(anonymous_3)
FNDA:7,(anonymous_4)
FNDA:0,stdinListener
FNDA:5,(anonymous_6)
FNDA:3,composeCommand
FNDA:6,(anonymous_8)
FNDA:6,(anonymous_9)
FNDA:2,cmdComposedCommand
DA:1,2
DA:2,2
DA:4,2
DA:5,5
DA:6,5
DA:7,5
DA:8,1
DA:10,4
DA:14,5
DA:15,4
DA:18,5
DA:19,7
DA:23,0
DA:26,5
DA:27,5
DA:28,5
DA:29,5
DA:35,2
DA:36,6
DA:37,6
DA:38,3
DA:39,3
DA:42,2
DA:44,2
LF:24
LH:23
BRDA:7,0,0,1
BRDA:7,0,1,4
BRDA:35,1,0,0
BRDA:42,2,0,0
BRF:4
BRH:2
end_of_record
TN:
SF:/home/gofrendi/Projects/neo-chimera/src/libraries/scriptTransform.ts
FN:3,tsToJs
FNF:1
FNH:1
FNDA:1,tsToJs
DA:1,1
DA:3,1
DA:4,1
DA:8,1
DA:9,1
DA:10,1
LF:6
LH:6
BRF:0
BRH:0
end_of_record
TN:
SF:/home/gofrendi/Projects/neo-chimera/src/libraries/singleTaskConfigProcessor.ts
FN:7,strToNormalizedConfig
FN:11,normalizeRawConfig
FN:32,strToRawConfig
FN:44,longArrowPartsToConfig
FN:52,shortArrowPartsToConfig
FN:76,splitByShortArrow
FN:80,splitByLongArrow
FN:84,splitBy
FN:92,preprocessRawConfigShorthand
FN:112,parseCommand
FN:119,getNormalIns
FN:132,parseSingleCommand
FN:158,parseNestedCommand
FN:177,parseFunctionalCommand
FNF:14
FNH:14
FNDA:40,strToNormalizedConfig
FNDA:100,normalizeRawConfig
FNDA:117,strToRawConfig
FNDA:13,longArrowPartsToConfig
FNDA:104,shortArrowPartsToConfig
FNDA:104,splitByShortArrow
FNDA:117,splitByLongArrow
FNDA:221,splitBy
FNDA:100,preprocessRawConfigShorthand
FNDA:100,parseCommand
FNDA:100,getNormalIns
FNDA:100,parseSingleCommand
FNDA:100,parseNestedCommand
FNDA:100,parseFunctionalCommand
DA:1,3
DA:2,3
DA:4,3
DA:5,3
DA:7,3
DA:8,40
DA:11,3
DA:12,100
DA:13,100
DA:28,100
DA:29,100
DA:32,3
DA:33,117
DA:34,117
DA:35,117
DA:36,13
DA:38,104
DA:39,104
DA:41,117
DA:46,13
DA:53,104
DA:54,104
DA:56,19
DA:57,19
DA:58,19
DA:59,85
DA:60,27
DA:62,19
DA:63,19
DA:66,8
DA:67,8
DA:71,58
DA:73,104
DA:77,104
DA:81,117
DA:85,221
DA:86,221
DA:87,182
DA:89,221
DA:93,100
DA:94,77
DA:95,77
DA:96,21
DA:97,17
DA:99,21
DA:100,14
DA:102,21
DA:103,16
DA:105,5
DA:109,100
DA:113,100
DA:114,100
DA:115,100
DA:116,100
DA:120,100
DA:121,17
DA:122,17
DA:123,2
DA:125,15
DA:126,83
DA:127,30
DA:129,53
DA:134,100
DA:135,72
DA:136,72
DA:137,2
DA:138,2
DA:139,70
DA:140,4
DA:141,4
DA:142,66
DA:143,4
DA:144,4
DA:146,62
DA:147,62
DA:148,55
DA:150,7
DA:153,72
DA:155,100
DA:160,100
DA:161,5
DA:162,5
DA:163,95
DA:164,2
DA:165,2
DA:166,93
DA:167,4
DA:168,4
DA:169,89
DA:170,17
DA:171,17
DA:172,17
DA:174,100
DA:179,100
DA:180,11
DA:181,11
DA:182,3
DA:183,3
DA:184,8
DA:185,3
DA:186,3
DA:188,5
DA:189,5
DA:192,100
LF:104
LH:104
BRDA:14,0,0,2
BRDA:14,0,1,98
BRDA:15,1,0,4
BRDA:15,1,1,96
BRDA:22,2,0,4
BRDA:22,2,1,96
BRDA:24,3,0,58
BRDA:24,3,1,42
BRDA:26,4,0,3
BRDA:26,4,1,97
BRDA:35,5,0,13
BRDA:35,5,1,104
BRDA:54,6,0,19
BRDA:54,6,1,85
BRDA:59,7,0,27
BRDA:59,7,1,58
BRDA:60,8,0,19
BRDA:60,8,1,8
BRDA:86,9,0,182
BRDA:86,9,1,39
BRDA:93,10,0,77
BRDA:93,10,1,23
BRDA:93,11,0,100
BRDA:93,11,1,82
BRDA:95,12,0,21
BRDA:95,12,1,56
BRDA:96,13,0,17
BRDA:96,13,1,4
BRDA:99,14,0,14
BRDA:99,14,1,7
BRDA:102,15,0,16
BRDA:102,15,1,5
BRDA:120,16,0,17
BRDA:120,16,1,83
BRDA:122,17,0,2
BRDA:122,17,1,15
BRDA:122,18,0,17
BRDA:122,18,1,7
BRDA:126,19,0,30
BRDA:126,19,1,53
BRDA:126,20,0,83
BRDA:126,20,1,83
BRDA:134,21,0,72
BRDA:134,21,1,28
BRDA:134,22,0,100
BRDA:134,22,1,77
BRDA:135,23,0,70
BRDA:135,23,1,2
BRDA:136,24,0,2
BRDA:136,24,1,70
BRDA:139,25,0,4
BRDA:139,25,1,66
BRDA:142,26,0,4
BRDA:142,26,1,62
BRDA:147,27,0,55
BRDA:147,27,1,7
BRDA:147,28,0,62
BRDA:147,28,1,9
BRDA:160,29,0,5
BRDA:160,29,1,95
BRDA:160,30,0,100
BRDA:160,30,1,77
BRDA:163,31,0,2
BRDA:163,31,1,93
BRDA:166,32,0,4
BRDA:166,32,1,89
BRDA:169,33,0,17
BRDA:169,33,1,72
BRDA:179,34,0,11
BRDA:179,34,1,89
BRDA:179,35,0,100
BRDA:179,35,1,97
BRDA:179,35,2,94
BRDA:181,36,0,3
BRDA:181,36,1,8
BRDA:184,37,0,3
BRDA:184,37,1,5
BRF:77
BRH:77
end_of_record
TN:
SF:/home/gofrendi/Projects/neo-chimera/src/libraries/singleTaskScriptGenerator.ts
FN:5,renderTemplate
FN:11,(anonymous_1)
FN:15,wrapJsSyncFunction
FN:24,wrapJsAsyncFunction
FN:39,wrapJsPromise
FN:46,wrapCmd
FN:54,createSubHandlerDeclaration
FN:55,(anonymous_7)
FN:59,getSubHandlerNames
FN:60,(anonymous_9)
FN:63,wrapParallel
FN:66,(anonymous_11)
FN:72,wrapSeries
FN:75,(anonymous_13)
FN:81,getWrapper
FN:95,getVariableDeclaration
FN:98,(anonymous_16)
FN:108,createHandlerScript
FN:132,getTopLevelVariable
FN:136,getVariables
FN:145,(anonymous_20)
FNF:21
FNH:21
FNDA:40,renderTemplate
FNDA:382,(anonymous_1)
FNDA:7,wrapJsSyncFunction
FNDA:2,wrapJsAsyncFunction
FNDA:2,wrapJsPromise
FNDA:1,wrapCmd
FNDA:2,createSubHandlerDeclaration
FNDA:4,(anonymous_7)
FNDA:2,getSubHandlerNames
FNDA:4,(anonymous_9)
FNDA:1,wrapParallel
FNDA:2,(anonymous_11)
FNDA:1,wrapSeries
FNDA:2,(anonymous_13)
FNDA:14,getWrapper
FNDA:14,getVariableDeclaration
FNDA:10,(anonymous_16)
FNDA:14,createHandlerScript
FNDA:22,getTopLevelVariable
FNDA:22,getVariables
FNDA:15,(anonymous_20)
DA:1,1
DA:2,1
DA:5,1
DA:6,40
DA:7,40
DA:8,50
DA:10,40
DA:11,382
DA:12,40
DA:16,7
DA:17,7
DA:21,7
DA:25,2
DA:26,2
DA:36,2
DA:40,2
DA:41,2
DA:43,2
DA:47,1
DA:48,1
DA:51,1
DA:55,4
DA:56,0
DA:60,4
DA:64,1
DA:65,1
DA:66,2
DA:67,1
DA:69,1
DA:73,1
DA:74,1
DA:75,2
DA:76,1
DA:78,1
DA:82,14
DA:83,1
DA:84,1
DA:86,12
DA:87,1
DA:88,2
DA:89,7
DA:90,2
DA:96,14
DA:97,14
DA:98,14
DA:99,10
DA:100,10
DA:102,14
DA:103,9
DA:105,14
DA:108,1
DA:109,14
DA:110,14
DA:111,14
DA:112,14
DA:113,14
DA:114,14
DA:115,14
DA:116,14
DA:129,14
DA:133,22
DA:136,1
DA:137,22
DA:138,22
DA:139,22
DA:140,19
DA:141,15
DA:143,19
DA:144,12
DA:145,15
DA:146,12
DA:149,22
LF:72
LH:71
BRDA:5,0,0,1
BRDA:15,1,0,0
BRDA:24,2,0,0
BRDA:39,3,0,0
BRDA:46,4,0,0
BRDA:54,5,0,0
BRDA:63,6,0,0
BRDA:72,7,0,0
BRDA:83,8,0,1
BRDA:83,8,1,1
BRDA:83,8,2,12
BRDA:87,9,0,1
BRDA:87,9,1,2
BRDA:87,9,2,7
BRDA:87,9,3,2
BRDA:96,10,0,10
BRDA:96,10,1,4
BRDA:99,11,0,1
BRDA:99,11,1,9
BRDA:102,12,0,9
BRDA:102,12,1,5
BRDA:108,13,0,10
BRDA:139,14,0,19
BRDA:139,14,1,3
BRDA:139,15,0,22
BRDA:139,15,1,20
BRDA:140,16,0,15
BRDA:140,16,1,4
BRDA:144,17,0,9
BRDA:144,17,1,3
BRF:30
BRH:23
end_of_record
TN:
SF:/home/gofrendi/Projects/neo-chimera/src/libraries/stringUtil.ts
FN:1,smartSplit
FN:28,isFlanked
FN:36,removeFlank
FN:43,doubleQuote
FNF:4
FNH:4
FNDA:473,smartSplit
FNDA:304,isFlanked
FNDA:65,removeFlank
FNDA:13,doubleQuote
DA:1,5
DA:2,473
DA:3,372
DA:5,101
DA:6,101
DA:7,101
DA:8,101
DA:9,101
DA:10,1586
DA:11,1586
DA:12,123
DA:13,123
DA:14,123
DA:16,1463
DA:17,2
DA:18,1461
DA:19,4
DA:21,1463
DA:24,101
DA:25,101
DA:28,5
DA:29,304
DA:31,79
DA:33,225
DA:36,5
DA:37,65
DA:38,49
DA:40,16
DA:43,5
DA:44,13
DA:45,13
LF:31
LH:31
BRDA:2,0,0,372
BRDA:2,0,1,101
BRDA:11,1,0,123
BRDA:11,1,1,1463
BRDA:11,2,0,1586
BRDA:11,2,1,1569
BRDA:11,2,2,1562
BRDA:16,3,0,2
BRDA:16,3,1,1461
BRDA:18,4,0,4
BRDA:18,4,1,1457
BRDA:29,5,0,79
BRDA:29,5,1,225
BRDA:29,6,0,304
BRDA:29,6,1,89
BRDA:37,7,0,49
BRDA:37,7,1,16
BRF:17
BRH:17
end_of_record
